Log file open, 02/19/20 15:44:43
LogWindows: Failed to load 'aqProf.dll' (GetLastError=126)
LogWindows: File 'aqProf.dll' does not exist
LogWindows: Failed to load 'VtuneApi.dll' (GetLastError=126)
LogWindows: File 'VtuneApi.dll' does not exist
LogWindows: Failed to load 'VtuneApi32e.dll' (GetLastError=126)
LogWindows: File 'VtuneApi32e.dll' does not exist
LogConsoleResponse: Display: Failed to find resolution value strings in scalability ini. Falling back to default.
LogInit: Display: Running engine for game: DungeonProject
LogPakFile: Registered encryption key '00000000000000000000000000000000': 0 pak files mounted, 0 remain pending
LogPlatformFile: Not using cached read wrapper
LogTaskGraph: Started task graph with 5 named threads and 47 total threads with 3 sets of task threads.
LogStats: Stats thread started at 0.525524
LogD3D11RHI: Loaded GFSDK_Aftermath_Lib.x64.dll
LogICUInternationalization: ICU TimeZone Detection - Raw Offset: -5:00, Platform Override: ''
LogPluginManager: Mounting plugin Paper2D
LogPluginManager: Mounting plugin AISupport
LogPluginManager: Mounting plugin LightPropagationVolume
LogPluginManager: Mounting plugin ActorLayerUtilities
LogPluginManager: Mounting plugin AnimationSharing
LogPluginManager: Mounting plugin CLionSourceCodeAccess
LogPluginManager: Mounting plugin CodeLiteSourceCodeAccess
LogPluginManager: Mounting plugin GitSourceControl
LogPluginManager: Mounting plugin KDevelopSourceCodeAccess
LogPluginManager: Mounting plugin NullSourceCodeAccess
LogPluginManager: Mounting plugin PerforceSourceControl
LogPluginManager: Mounting plugin SubversionSourceControl
LogPluginManager: Mounting plugin UObjectPlugin
LogPluginManager: Mounting plugin VisualStudioCodeSourceCodeAccess
LogPluginManager: Mounting plugin VisualStudioSourceCodeAccess
LogPluginManager: Mounting plugin XCodeSourceCodeAccess
LogPluginManager: Mounting plugin AssetManagerEditor
LogPluginManager: Mounting plugin CryptoKeys
LogPluginManager: Mounting plugin DataValidation
LogPluginManager: Mounting plugin EditorScriptingUtilities
LogPluginManager: Mounting plugin FacialAnimation
LogPluginManager: Mounting plugin GameplayTagsEditor
LogPluginManager: Mounting plugin GLTFImporter
LogPluginManager: Mounting plugin MacGraphicsSwitching
LogPluginManager: Mounting plugin MaterialAnalyzer
LogPluginManager: Mounting plugin MeshEditor
LogPluginManager: Mounting plugin MobileLauncherProfileWizard
LogPluginManager: Mounting plugin PluginBrowser
LogPluginManager: Mounting plugin SpeedTreeImporter
LogPluginManager: Mounting plugin DatasmithContent
LogPluginManager: Mounting plugin VariantManagerContent
LogPluginManager: Mounting plugin AlembicImporter
LogPluginManager: Mounting plugin AppleImageUtils
LogPluginManager: Mounting plugin AppleVision
LogPluginManager: Mounting plugin BackChannel
LogPluginManager: Mounting plugin BlastPlugin
LogPluginManager: Mounting plugin ChaosSolverPlugin
LogPluginManager: Mounting plugin CharacterAI
LogPluginManager: Mounting plugin GeometryCache
LogPluginManager: Mounting plugin GeometryCollectionPlugin
LogPluginManager: Mounting plugin HTML5Networking
LogPluginManager: Mounting plugin ProxyLODPlugin
LogPluginManager: Mounting plugin SkeletalReduction
LogPluginManager: Mounting plugin MagicLeap
LogPluginManager: Mounting plugin MagicLeapMedia
LogPluginManager: Mounting plugin AndroidMedia
LogPluginManager: Mounting plugin AvfMedia
LogPluginManager: Mounting plugin ImgMedia
LogPluginManager: Mounting plugin LinearTimecode
LogPluginManager: Mounting plugin MediaCompositing
LogPluginManager: Mounting plugin MediaPlayerEditor
LogPluginManager: Mounting plugin WebMMedia
LogPluginManager: Mounting plugin WmfMedia
LogPluginManager: Mounting plugin TcpMessaging
LogPluginManager: Mounting plugin UdpMessaging
LogPluginManager: Mounting plugin ActorSequence
LogPluginManager: Mounting plugin LevelSequenceEditor
LogPluginManager: Mounting plugin MatineeToLevelSequence
LogPluginManager: Mounting plugin NetcodeUnitTest
LogPluginManager: Mounting plugin NUTUnrealEngine4
LogPluginManager: Mounting plugin OnlineSubsystemGooglePlay
LogPluginManager: Mounting plugin OnlineSubsystemIOS
LogPluginManager: Mounting plugin OnlineSubsystem
LogPluginManager: Mounting plugin OnlineSubsystemNull
LogPluginManager: Mounting plugin OnlineSubsystemUtils
LogPluginManager: Mounting plugin LauncherChunkInstaller
LogPluginManager: Mounting plugin AndroidDeviceProfileSelector
LogPluginManager: Mounting plugin AndroidMoviePlayer
LogPluginManager: Mounting plugin AndroidPermission
LogPluginManager: Mounting plugin AppleMoviePlayer
LogPluginManager: Mounting plugin ArchVisCharacter
LogPluginManager: Mounting plugin AudioCapture
LogPluginManager: Mounting plugin CableComponent
LogPluginManager: Mounting plugin CustomMeshComponent
LogPluginManager: Mounting plugin EditableMesh
LogPluginManager: Mounting plugin ExampleDeviceProfileSelector
LogPluginManager: Mounting plugin Firebase
LogPluginManager: Mounting plugin GoogleCloudMessaging
LogPluginManager: Mounting plugin IOSDeviceProfileSelector
LogPluginManager: Mounting plugin LinuxDeviceProfileSelector
LogPluginManager: Mounting plugin LocationServicesBPLibrary
LogPluginManager: Mounting plugin MobilePatchingUtils
LogPluginManager: Mounting plugin OculusVR
LogPluginManager: Mounting plugin PhysXVehicles
LogPluginManager: Mounting plugin ProceduralMeshComponent
LogPluginManager: Mounting plugin RuntimePhysXCooking
LogPluginManager: Mounting plugin SignificanceManager
LogPluginManager: Mounting plugin SteamVR
LogPluginManager: Mounting plugin WebMMoviePlayer
LogPluginManager: Mounting plugin WindowsMoviePlayer
LogPluginManager: Mounting plugin DatasmithCADImporter
LogPluginManager: Mounting plugin DatasmithDataPrepEditor
LogPluginManager: Mounting plugin DatasmithFBXImporter
LogPluginManager: Mounting plugin DatasmithGLTFImporter
LogPluginManager: Mounting plugin DatasmithImporter
LogPluginManager: Mounting plugin MDLImporter
LogPluginManager: Mounting plugin StaticMeshEditorExtension
LogPluginManager: Mounting plugin VariantManager
LogInit: Using libcurl 7.55.1-DEV
LogInit:  - built for x86_64-pc-win32
LogInit:  - supports SSL with OpenSSL/1.1.1
LogInit:  - supports HTTP deflate (compression) using libz 1.2.8
LogInit:  - other features:
LogInit:      CURL_VERSION_SSL
LogInit:      CURL_VERSION_LIBZ
LogInit:      CURL_VERSION_IPV6
LogInit:      CURL_VERSION_ASYNCHDNS
LogInit:      CURL_VERSION_LARGEFILE
LogInit:      CURL_VERSION_IDN
LogInit:  CurlRequestOptions (configurable via config and command line):
LogInit:  - bVerifyPeer = true  - Libcurl will verify peer certificate
LogInit:  - bUseHttpProxy = false  - Libcurl will NOT use HTTP proxy
LogInit:  - bDontReuseConnections = false  - Libcurl will reuse connections
LogInit:  - MaxHostConnections = 16  - Libcurl will limit the number of connections to a host
LogInit:  - LocalHostAddr = Default
LogInit:  - BufferSize = 65536
LogInit: WinSock: version 1.1 (2.2), MaxSocks=32767, MaxUdp=65467
LogInit: Build: ++UE4+Release-4.22-CL-7053642
LogInit: Engine Version: 4.22.3-7053642+++UE4+Release-4.22
LogInit: Compatible Engine Version: 4.22.0-5660361+++UE4+Release-4.22
LogInit: Net CL: 5660361
LogInit: OS: Windows 10 (Release 1903) (), CPU: Intel(R) Core(TM) i9-9900K CPU @ 3.60GHz, GPU: NVIDIA GeForce RTX 2080
LogInit: Compiled (64-bit): Jun 18 2019 03:09:11
LogInit: Compiled with Visual C++: 19.16.27025.01
LogInit: Build Configuration: Development
LogInit: Branch Name: ++UE4+Release-4.22
LogInit: Command Line:  -EpicPortal -epicusername=TempestDragon98 -epicuserid=a01b69e1e5a64d1ba44ccb5ae9e1e993 -epiclocale=en
LogInit: Base Directory: C:/Program Files/Epic Games/UE_4.22/Engine/Binaries/Win64/
LogInit: Installed Engine Build: 1
LogDevObjectVersion: Number of dev versions registered: 23
LogDevObjectVersion:   Dev-Blueprints (B0D832E4-1F89-4F0D-ACCF-7EB736FD4AA2): 10
LogDevObjectVersion:   Dev-Build (E1C64328-A22C-4D53-A36C-8E866417BD8C): 0
LogDevObjectVersion:   Dev-Core (375EC13C-06E4-48FB-B500-84F0262A717E): 3
LogDevObjectVersion:   Dev-Editor (E4B068ED-F494-42E9-A231-DA0B2E46BB41): 30
LogDevObjectVersion:   Dev-Framework (CFFC743F-43B0-4480-9391-14DF171D2073): 35
LogDevObjectVersion:   Dev-Mobile (B02B49B5-BB20-44E9-A304-32B752E40360): 2
LogDevObjectVersion:   Dev-Networking (A4E4105C-59A1-49B5-A7C5-40C4547EDFEE): 0
LogDevObjectVersion:   Dev-Online (39C831C9-5AE6-47DC-9A44-9C173E1C8E7C): 0
LogDevObjectVersion:   Dev-Physics (78F01B33-EBEA-4F98-B9B4-84EACCB95AA2): 0
LogDevObjectVersion:   Dev-Platform (6631380F-2D4D-43E0-8009-CF276956A95A): 0
LogDevObjectVersion:   Dev-Rendering (12F88B9F-8875-4AFC-A67C-D90C383ABD29): 28
LogDevObjectVersion:   Dev-Sequencer (7B5AE74C-D270-4C10-A958-57980B212A5A): 11
LogDevObjectVersion:   Dev-VR (D7296918-1DD6-4BDD-9DE2-64A83CC13884): 2
LogDevObjectVersion:   Dev-LoadTimes (C2A15278-BFE7-4AFE-6C17-90FF531DF755): 1
LogDevObjectVersion:   Private-Geometry (6EACA3D4-40EC-4CC1-B786-8BED09428FC5): 3
LogDevObjectVersion:   Dev-AnimPhys (29E575DD-E0A3-4627-9D10-D276232CDCEA): 17
LogDevObjectVersion:   Dev-Anim (AF43A65D-7FD3-4947-9873-3E8ED9C1BB05): 2
LogDevObjectVersion:   Dev-ReflectionCapture (6B266CEC-1EC7-4B8F-A30B-E4D90942FC07): 1
LogDevObjectVersion:   Dev-Automation (0DF73D61-A23F-47EA-B727-89E90C41499A): 1
LogDevObjectVersion:   FortniteMain (601D1886-AC64-4F84-AA16-D3DE0DEAC7D6): 25
LogDevObjectVersion:   Dev-Enterprise (9DFFBCD6-494F-0158-E221-12823C92A888): 6
LogDevObjectVersion:   Dev-Niagara (F2AED0AC-9AFE-416F-8664-AA7FFA26D6FC): 1
LogDevObjectVersion:   Dev-Destruction (174F1F0B-B4C6-45A5-B13F-2EE8D0FB917D): 2
LogInit: Presizing for max 16777216 objects, including 0 objects not considered by GC, pre-allocating 0 bytes for permanent pool.
LogInit: Object subsystem initialized
LogConfig: Setting CVar [[con.DebugEarlyDefault:1]]
LogConfig: Setting CVar [[r.setres:1280x720]]
[2020.02.19-20.44.44:036][  0]LogConfig: Setting CVar [[r.VSync:0]]
[2020.02.19-20.44.44:036][  0]LogConfig: Setting CVar [[r.RHICmdBypass:0]]
[2020.02.19-20.44.44:036][  0]LogConfig: Applying CVar settings from Section [/Script/Engine.RendererSettings] File [C:/Users/pa597399/Documents/First-Dungeon-Assignment/DungeonLevel/Saved/Config/Windows/Engine.ini]
[2020.02.19-20.44.44:036][  0]LogConfig: Setting CVar [[r.GPUCrashDebugging:0]]
[2020.02.19-20.44.44:036][  0]LogConfig: Setting CVar [[r.DefaultFeature.AutoExposure.ExtendDefaultLuminanceRange:1]]
[2020.02.19-20.44.44:036][  0]LogConfig: Applying CVar settings from Section [/Script/Engine.RendererOverrideSettings] File [C:/Users/pa597399/Documents/First-Dungeon-Assignment/DungeonLevel/Saved/Config/Windows/Engine.ini]
[2020.02.19-20.44.44:036][  0]LogConfig: Applying CVar settings from Section [/Script/Engine.StreamingSettings] File [C:/Users/pa597399/Documents/First-Dungeon-Assignment/DungeonLevel/Saved/Config/Windows/Engine.ini]
[2020.02.19-20.44.44:036][  0]LogConfig: Setting CVar [[s.MinBulkDataSizeForAsyncLoading:131072]]
[2020.02.19-20.44.44:036][  0]LogConfig: Setting CVar [[s.AsyncLoadingThreadEnabled:0]]
[2020.02.19-20.44.44:036][  0]LogConfig: Setting CVar [[s.EventDrivenLoaderEnabled:1]]
[2020.02.19-20.44.44:036][  0]LogConfig: Setting CVar [[s.WarnIfTimeLimitExceeded:0]]
[2020.02.19-20.44.44:036][  0]LogConfig: Setting CVar [[s.TimeLimitExceededMultiplier:1.5]]
[2020.02.19-20.44.44:036][  0]LogConfig: Setting CVar [[s.TimeLimitExceededMinTime:0.005]]
[2020.02.19-20.44.44:036][  0]LogConfig: Setting CVar [[s.UseBackgroundLevelStreaming:1]]
[2020.02.19-20.44.44:036][  0]LogConfig: Setting CVar [[s.PriorityAsyncLoadingExtraTime:15.0]]
[2020.02.19-20.44.44:036][  0]LogConfig: Setting CVar [[s.LevelStreamingActorsUpdateTimeLimit:5.0]]
[2020.02.19-20.44.44:036][  0]LogConfig: Setting CVar [[s.PriorityLevelStreamingActorsUpdateExtraTime:5.0]]
[2020.02.19-20.44.44:036][  0]LogConfig: Setting CVar [[s.LevelStreamingComponentsRegistrationGranularity:10]]
[2020.02.19-20.44.44:036][  0]LogConfig: Setting CVar [[s.UnregisterComponentsTimeLimit:1.0]]
[2020.02.19-20.44.44:036][  0]LogConfig: Setting CVar [[s.LevelStreamingComponentsUnregistrationGranularity:5]]
[2020.02.19-20.44.44:036][  0]LogConfig: Applying CVar settings from Section [/Script/Engine.GarbageCollectionSettings] File [C:/Users/pa597399/Documents/First-Dungeon-Assignment/DungeonLevel/Saved/Config/Windows/Engine.ini]
[2020.02.19-20.44.44:037][  0]LogConfig: Setting CVar [[gc.MaxObjectsNotConsideredByGC:1]]
[2020.02.19-20.44.44:037][  0]LogConfig: Setting CVar [[gc.SizeOfPermanentObjectPool:0]]
[2020.02.19-20.44.44:037][  0]LogConfig: Setting CVar [[gc.FlushStreamingOnGC:0]]
[2020.02.19-20.44.44:037][  0]LogConfig: Setting CVar [[gc.NumRetriesBeforeForcingGC:10]]
[2020.02.19-20.44.44:037][  0]LogConfig: Setting CVar [[gc.AllowParallelGC:1]]
[2020.02.19-20.44.44:037][  0]LogConfig: Setting CVar [[gc.TimeBetweenPurgingPendingKillObjects:61.1]]
[2020.02.19-20.44.44:037][  0]LogConfig: Setting CVar [[gc.MaxObjectsInEditor:16777216]]
[2020.02.19-20.44.44:037][  0]LogConfig: Setting CVar [[gc.IncrementalBeginDestroyEnabled:1]]
[2020.02.19-20.44.44:037][  0]LogConfig: Setting CVar [[gc.CreateGCClusters:1]]
[2020.02.19-20.44.44:037][  0]LogConfig: Setting CVar [[gc.MinGCClusterSize:5]]
[2020.02.19-20.44.44:037][  0]LogConfig: Setting CVar [[gc.ActorClusteringEnabled:0]]
[2020.02.19-20.44.44:037][  0]LogConfig: Setting CVar [[gc.BlueprintClusteringEnabled:0]]
[2020.02.19-20.44.44:037][  0]LogConfig: Setting CVar [[gc.UseDisregardForGCOnDedicatedServers:0]]
[2020.02.19-20.44.44:037][  0]LogConfig: Applying CVar settings from Section [/Script/Engine.NetworkSettings] File [C:/Users/pa597399/Documents/First-Dungeon-Assignment/DungeonLevel/Saved/Config/Windows/Engine.ini]
[2020.02.19-20.44.44:037][  0]LogConfig: Applying CVar settings from Section [/Script/UnrealEd.CookerSettings] File [C:/Users/pa597399/Documents/First-Dungeon-Assignment/DungeonLevel/Saved/Config/Windows/Engine.ini]
[2020.02.19-20.44.44:040][  0]LogConfig: Applying CVar settings from Section [ViewDistanceQuality@3] File [C:/Users/pa597399/Documents/First-Dungeon-Assignment/DungeonLevel/Saved/Config/Windows/Scalability.ini]
[2020.02.19-20.44.44:040][  0]LogConfig: Setting CVar [[r.SkeletalMeshLODBias:0]]
[2020.02.19-20.44.44:040][  0]LogConfig: Setting CVar [[r.ViewDistanceScale:1.0]]
[2020.02.19-20.44.44:040][  0]LogConfig: Applying CVar settings from Section [AntiAliasingQuality@3] File [C:/Users/pa597399/Documents/First-Dungeon-Assignment/DungeonLevel/Saved/Config/Windows/Scalability.ini]
[2020.02.19-20.44.44:040][  0]LogConfig: Setting CVar [[r.PostProcessAAQuality:4]]
[2020.02.19-20.44.44:041][  0]LogConfig: Applying CVar settings from Section [ShadowQuality@3] File [C:/Users/pa597399/Documents/First-Dungeon-Assignment/DungeonLevel/Saved/Config/Windows/Scalability.ini]
[2020.02.19-20.44.44:041][  0]LogConfig: Setting CVar [[r.LightFunctionQuality:1]]
[2020.02.19-20.44.44:041][  0]LogConfig: Setting CVar [[r.ShadowQuality:5]]
[2020.02.19-20.44.44:041][  0]LogConfig: Setting CVar [[r.Shadow.CSM.MaxCascades:10]]
[2020.02.19-20.44.44:041][  0]LogConfig: Setting CVar [[r.Shadow.MaxResolution:2048]]
[2020.02.19-20.44.44:041][  0]LogConfig: Setting CVar [[r.Shadow.MaxCSMResolution:2048]]
[2020.02.19-20.44.44:041][  0]LogConfig: Setting CVar [[r.Shadow.RadiusThreshold:0.01]]
[2020.02.19-20.44.44:041][  0]LogConfig: Setting CVar [[r.Shadow.DistanceScale:1.0]]
[2020.02.19-20.44.44:041][  0]LogConfig: Setting CVar [[r.Shadow.CSM.TransitionScale:1.0]]
[2020.02.19-20.44.44:041][  0]LogConfig: Setting CVar [[r.Shadow.PreShadowResolutionFactor:1.0]]
[2020.02.19-20.44.44:041][  0]LogConfig: Setting CVar [[r.DistanceFieldShadowing:1]]
[2020.02.19-20.44.44:041][  0]LogConfig: Setting CVar [[r.DistanceFieldAO:1]]
[2020.02.19-20.44.44:041][  0]LogConfig: Setting CVar [[r.AOQuality:2]]
[2020.02.19-20.44.44:041][  0]LogConfig: Setting CVar [[r.VolumetricFog:1]]
[2020.02.19-20.44.44:041][  0]LogConfig: Setting CVar [[r.VolumetricFog.GridPixelSize:8]]
[2020.02.19-20.44.44:041][  0]LogConfig: Setting CVar [[r.VolumetricFog.GridSizeZ:128]]
[2020.02.19-20.44.44:041][  0]LogConfig: Setting CVar [[r.VolumetricFog.HistoryMissSupersampleCount:4]]
[2020.02.19-20.44.44:041][  0]LogConfig: Setting CVar [[r.LightMaxDrawDistanceScale:1]]
[2020.02.19-20.44.44:041][  0]LogConfig: Setting CVar [[r.CapsuleShadows:1]]
[2020.02.19-20.44.44:041][  0]LogConfig: Applying CVar settings from Section [PostProcessQuality@3] File [C:/Users/pa597399/Documents/First-Dungeon-Assignment/DungeonLevel/Saved/Config/Windows/Scalability.ini]
[2020.02.19-20.44.44:041][  0]LogConfig: Setting CVar [[r.MotionBlurQuality:4]]
[2020.02.19-20.44.44:041][  0]LogConfig: Setting CVar [[r.AmbientOcclusionMipLevelFactor:0.4]]
[2020.02.19-20.44.44:041][  0]LogConfig: Setting CVar [[r.AmbientOcclusionMaxQuality:100]]
[2020.02.19-20.44.44:041][  0]LogConfig: Setting CVar [[r.AmbientOcclusionLevels:-1]]
[2020.02.19-20.44.44:041][  0]LogConfig: Setting CVar [[r.AmbientOcclusionRadiusScale:1.0]]
[2020.02.19-20.44.44:041][  0]LogConfig: Setting CVar [[r.DepthOfFieldQuality:2]]
[2020.02.19-20.44.44:041][  0]LogConfig: Setting CVar [[r.RenderTargetPoolMin:400]]
[2020.02.19-20.44.44:041][  0]LogConfig: Setting CVar [[r.LensFlareQuality:2]]
[2020.02.19-20.44.44:041][  0]LogConfig: Setting CVar [[r.SceneColorFringeQuality:1]]
[2020.02.19-20.44.44:041][  0]LogConfig: Setting CVar [[r.EyeAdaptationQuality:2]]
[2020.02.19-20.44.44:041][  0]LogConfig: Setting CVar [[r.BloomQuality:5]]
[2020.02.19-20.44.44:041][  0]LogConfig: Setting CVar [[r.FastBlurThreshold:100]]
[2020.02.19-20.44.44:041][  0]LogConfig: Setting CVar [[r.Upscale.Quality:3]]
[2020.02.19-20.44.44:041][  0]LogConfig: Setting CVar [[r.Tonemapper.GrainQuantization:1]]
[2020.02.19-20.44.44:041][  0]LogConfig: Setting CVar [[r.LightShaftQuality:1]]
[2020.02.19-20.44.44:041][  0]LogConfig: Setting CVar [[r.Filter.SizeScale:1]]
[2020.02.19-20.44.44:041][  0]LogConfig: Setting CVar [[r.Tonemapper.Quality:5]]
[2020.02.19-20.44.44:041][  0]LogConfig: Setting CVar [[r.DOF.Gather.AccumulatorQuality:1        ; higher gathering accumulator quality]]
[2020.02.19-20.44.44:041][  0]LogConfig: Setting CVar [[r.DOF.Gather.PostfilterMethod:1          ; Median3x3 postfilering method]]
[2020.02.19-20.44.44:041][  0]LogConfig: Setting CVar [[r.DOF.Gather.EnableBokehSettings:0       ; no bokeh simulation when gathering]]
[2020.02.19-20.44.44:041][  0]LogConfig: Setting CVar [[r.DOF.Gather.RingCount:4                 ; medium number of samples when gathering]]
[2020.02.19-20.44.44:041][  0]LogConfig: Setting CVar [[r.DOF.Scatter.ForegroundCompositing:1    ; additive foreground scattering]]
[2020.02.19-20.44.44:041][  0]LogConfig: Setting CVar [[r.DOF.Scatter.BackgroundCompositing:2    ; additive background scattering]]
[2020.02.19-20.44.44:041][  0]LogConfig: Setting CVar [[r.DOF.Scatter.EnableBokehSettings:1      ; bokeh simulation when scattering]]
[2020.02.19-20.44.44:041][  0]LogConfig: Setting CVar [[r.DOF.Scatter.MaxSpriteRatio:0.1         ; only a maximum of 10% of scattered bokeh]]
[2020.02.19-20.44.44:041][  0]LogConfig: Setting CVar [[r.DOF.Recombine.Quality:1                ; cheap slight out of focus]]
[2020.02.19-20.44.44:041][  0]LogConfig: Setting CVar [[r.DOF.Recombine.EnableBokehSettings:0    ; no bokeh simulation on slight out of focus]]
[2020.02.19-20.44.44:041][  0]LogConfig: Setting CVar [[r.DOF.TemporalAAQuality:1                ; more stable temporal accumulation]]
[2020.02.19-20.44.44:041][  0]LogConfig: Setting CVar [[r.DOF.Kernel.MaxForegroundRadius:0.025]]
[2020.02.19-20.44.44:041][  0]LogConfig: Setting CVar [[r.DOF.Kernel.MaxBackgroundRadius:0.025]]
[2020.02.19-20.44.44:041][  0]LogConfig: Applying CVar settings from Section [TextureQuality@3] File [C:/Users/pa597399/Documents/First-Dungeon-Assignment/DungeonLevel/Saved/Config/Windows/Scalability.ini]
[2020.02.19-20.44.44:041][  0]LogConfig: Setting CVar [[r.Streaming.MipBias:0]]
[2020.02.19-20.44.44:041][  0]LogConfig: Setting CVar [[r.Streaming.AmortizeCPUToGPUCopy:0]]
[2020.02.19-20.44.44:041][  0]LogConfig: Setting CVar [[r.Streaming.MaxNumTexturesToStreamPerFrame:0]]
[2020.02.19-20.44.44:041][  0]LogConfig: Setting CVar [[r.Streaming.Boost:1]]
[2020.02.19-20.44.44:041][  0]LogConfig: Setting CVar [[r.MaxAnisotropy:8]]
[2020.02.19-20.44.44:041][  0]LogConfig: Setting CVar [[r.Streaming.LimitPoolSizeToVRAM:0]]
[2020.02.19-20.44.44:041][  0]LogConfig: Setting CVar [[r.Streaming.PoolSize:1000]]
[2020.02.19-20.44.44:041][  0]LogConfig: Setting CVar [[r.Streaming.MaxEffectiveScreenSize:0]]
[2020.02.19-20.44.44:041][  0]LogConfig: Applying CVar settings from Section [EffectsQuality@3] File [C:/Users/pa597399/Documents/First-Dungeon-Assignment/DungeonLevel/Saved/Config/Windows/Scalability.ini]
[2020.02.19-20.44.44:041][  0]LogConfig: Setting CVar [[r.TranslucencyLightingVolumeDim:64]]
[2020.02.19-20.44.44:041][  0]LogConfig: Setting CVar [[r.RefractionQuality:2]]
[2020.02.19-20.44.44:041][  0]LogConfig: Setting CVar [[r.SSR.Quality:3]]
[2020.02.19-20.44.44:041][  0]LogConfig: Setting CVar [[r.SceneColorFormat:4]]
[2020.02.19-20.44.44:041][  0]LogConfig: Setting CVar [[r.DetailMode:2]]
[2020.02.19-20.44.44:041][  0]LogConfig: Setting CVar [[r.TranslucencyVolumeBlur:1]]
[2020.02.19-20.44.44:041][  0]LogConfig: Setting CVar [[r.MaterialQualityLevel:1 ; High quality]]
[2020.02.19-20.44.44:041][  0]LogConfig: Setting CVar [[r.SSS.Scale:1]]
[2020.02.19-20.44.44:041][  0]LogConfig: Setting CVar [[r.SSS.SampleSet:2]]
[2020.02.19-20.44.44:041][  0]LogConfig: Setting CVar [[r.SSS.Quality:1]]
[2020.02.19-20.44.44:041][  0]LogConfig: Setting CVar [[r.SSS.HalfRes:1]]
[2020.02.19-20.44.44:041][  0]LogConfig: Setting CVar [[r.EmitterSpawnRateScale:1.0]]
[2020.02.19-20.44.44:041][  0]LogConfig: Setting CVar [[r.ParticleLightQuality:2]]
[2020.02.19-20.44.44:041][  0]LogConfig: Applying CVar settings from Section [FoliageQuality@3] File [C:/Users/pa597399/Documents/First-Dungeon-Assignment/DungeonLevel/Saved/Config/Windows/Scalability.ini]
[2020.02.19-20.44.44:041][  0]LogConfig: Setting CVar [[foliage.DensityScale:1.0]]
[2020.02.19-20.44.44:041][  0]LogConfig: Setting CVar [[grass.DensityScale:1.0]]
[2020.02.19-20.44.44:041][  0]LogInit: Selected Device Profile: [Windows]
[2020.02.19-20.44.44:041][  0]LogInit: Applying CVar settings loaded from the selected device profile: [Windows]
[2020.02.19-20.44.44:052][  0]LogHAL: Display: Platform has ~ 32 GB [34169487360 / 34359738368 / 32], which maps to Largest [LargestMinGB=32, LargerMinGB=12, DefaultMinGB=8, SmallerMinGB=6, SmallestMinGB=0)
[2020.02.19-20.44.44:052][  0]LogConfig: Setting CVar [[r.Vulkan.UseRealUBs:0		; Required until we fix HLR fall-out]]
[2020.02.19-20.44.44:052][  0]LogInit: Going up to parent DeviceProfile []
[2020.02.19-20.44.44:052][  0]LogConfig: Applying CVar settings from Section [ViewDistanceQuality@3] File [C:/Users/pa597399/Documents/First-Dungeon-Assignment/DungeonLevel/Saved/Config/Windows/Scalability.ini]
[2020.02.19-20.44.44:052][  0]LogConfig: Setting CVar [[r.SkeletalMeshLODBias:0]]
[2020.02.19-20.44.44:052][  0]LogConfig: Setting CVar [[r.ViewDistanceScale:1.0]]
[2020.02.19-20.44.44:052][  0]LogConfig: Applying CVar settings from Section [AntiAliasingQuality@3] File [C:/Users/pa597399/Documents/First-Dungeon-Assignment/DungeonLevel/Saved/Config/Windows/Scalability.ini]
[2020.02.19-20.44.44:052][  0]LogConfig: Setting CVar [[r.PostProcessAAQuality:4]]
[2020.02.19-20.44.44:052][  0]LogConfig: Applying CVar settings from Section [ShadowQuality@3] File [C:/Users/pa597399/Documents/First-Dungeon-Assignment/DungeonLevel/Saved/Config/Windows/Scalability.ini]
[2020.02.19-20.44.44:052][  0]LogConfig: Setting CVar [[r.LightFunctionQuality:1]]
[2020.02.19-20.44.44:052][  0]LogConfig: Setting CVar [[r.ShadowQuality:5]]
[2020.02.19-20.44.44:052][  0]LogConfig: Setting CVar [[r.Shadow.CSM.MaxCascades:10]]
[2020.02.19-20.44.44:052][  0]LogConfig: Setting CVar [[r.Shadow.MaxResolution:2048]]
[2020.02.19-20.44.44:052][  0]LogConfig: Setting CVar [[r.Shadow.MaxCSMResolution:2048]]
[2020.02.19-20.44.44:052][  0]LogConfig: Setting CVar [[r.Shadow.RadiusThreshold:0.01]]
[2020.02.19-20.44.44:052][  0]LogConfig: Setting CVar [[r.Shadow.DistanceScale:1.0]]
[2020.02.19-20.44.44:052][  0]LogConfig: Setting CVar [[r.Shadow.CSM.TransitionScale:1.0]]
[2020.02.19-20.44.44:052][  0]LogConfig: Setting CVar [[r.Shadow.PreShadowResolutionFactor:1.0]]
[2020.02.19-20.44.44:052][  0]LogConfig: Setting CVar [[r.DistanceFieldShadowing:1]]
[2020.02.19-20.44.44:052][  0]LogConfig: Setting CVar [[r.DistanceFieldAO:1]]
[2020.02.19-20.44.44:052][  0]LogConfig: Setting CVar [[r.AOQuality:2]]
[2020.02.19-20.44.44:052][  0]LogConfig: Setting CVar [[r.VolumetricFog:1]]
[2020.02.19-20.44.44:052][  0]LogConfig: Setting CVar [[r.VolumetricFog.GridPixelSize:8]]
[2020.02.19-20.44.44:052][  0]LogConfig: Setting CVar [[r.VolumetricFog.GridSizeZ:128]]
[2020.02.19-20.44.44:052][  0]LogConfig: Setting CVar [[r.VolumetricFog.HistoryMissSupersampleCount:4]]
[2020.02.19-20.44.44:052][  0]LogConfig: Setting CVar [[r.LightMaxDrawDistanceScale:1]]
[2020.02.19-20.44.44:052][  0]LogConfig: Setting CVar [[r.CapsuleShadows:1]]
[2020.02.19-20.44.44:052][  0]LogConfig: Applying CVar settings from Section [PostProcessQuality@3] File [C:/Users/pa597399/Documents/First-Dungeon-Assignment/DungeonLevel/Saved/Config/Windows/Scalability.ini]
[2020.02.19-20.44.44:052][  0]LogConfig: Setting CVar [[r.MotionBlurQuality:4]]
[2020.02.19-20.44.44:052][  0]LogConfig: Setting CVar [[r.AmbientOcclusionMipLevelFactor:0.4]]
[2020.02.19-20.44.44:052][  0]LogConfig: Setting CVar [[r.AmbientOcclusionMaxQuality:100]]
[2020.02.19-20.44.44:052][  0]LogConfig: Setting CVar [[r.AmbientOcclusionLevels:-1]]
[2020.02.19-20.44.44:052][  0]LogConfig: Setting CVar [[r.AmbientOcclusionRadiusScale:1.0]]
[2020.02.19-20.44.44:052][  0]LogConfig: Setting CVar [[r.DepthOfFieldQuality:2]]
[2020.02.19-20.44.44:052][  0]LogConfig: Setting CVar [[r.RenderTargetPoolMin:400]]
[2020.02.19-20.44.44:052][  0]LogConfig: Setting CVar [[r.LensFlareQuality:2]]
[2020.02.19-20.44.44:052][  0]LogConfig: Setting CVar [[r.SceneColorFringeQuality:1]]
[2020.02.19-20.44.44:052][  0]LogConfig: Setting CVar [[r.EyeAdaptationQuality:2]]
[2020.02.19-20.44.44:052][  0]LogConfig: Setting CVar [[r.BloomQuality:5]]
[2020.02.19-20.44.44:052][  0]LogConfig: Setting CVar [[r.FastBlurThreshold:100]]
[2020.02.19-20.44.44:052][  0]LogConfig: Setting CVar [[r.Upscale.Quality:3]]
[2020.02.19-20.44.44:052][  0]LogConfig: Setting CVar [[r.Tonemapper.GrainQuantization:1]]
[2020.02.19-20.44.44:052][  0]LogConfig: Setting CVar [[r.LightShaftQuality:1]]
[2020.02.19-20.44.44:052][  0]LogConfig: Setting CVar [[r.Filter.SizeScale:1]]
[2020.02.19-20.44.44:052][  0]LogConfig: Setting CVar [[r.Tonemapper.Quality:5]]
[2020.02.19-20.44.44:052][  0]LogConfig: Setting CVar [[r.DOF.Gather.AccumulatorQuality:1        ; higher gathering accumulator quality]]
[2020.02.19-20.44.44:052][  0]LogConfig: Setting CVar [[r.DOF.Gather.PostfilterMethod:1          ; Median3x3 postfilering method]]
[2020.02.19-20.44.44:052][  0]LogConfig: Setting CVar [[r.DOF.Gather.EnableBokehSettings:0       ; no bokeh simulation when gathering]]
[2020.02.19-20.44.44:052][  0]LogConfig: Setting CVar [[r.DOF.Gather.RingCount:4                 ; medium number of samples when gathering]]
[2020.02.19-20.44.44:052][  0]LogConfig: Setting CVar [[r.DOF.Scatter.ForegroundCompositing:1    ; additive foreground scattering]]
[2020.02.19-20.44.44:052][  0]LogConfig: Setting CVar [[r.DOF.Scatter.BackgroundCompositing:2    ; additive background scattering]]
[2020.02.19-20.44.44:052][  0]LogConfig: Setting CVar [[r.DOF.Scatter.EnableBokehSettings:1      ; bokeh simulation when scattering]]
[2020.02.19-20.44.44:052][  0]LogConfig: Setting CVar [[r.DOF.Scatter.MaxSpriteRatio:0.1         ; only a maximum of 10% of scattered bokeh]]
[2020.02.19-20.44.44:052][  0]LogConfig: Setting CVar [[r.DOF.Recombine.Quality:1                ; cheap slight out of focus]]
[2020.02.19-20.44.44:052][  0]LogConfig: Setting CVar [[r.DOF.Recombine.EnableBokehSettings:0    ; no bokeh simulation on slight out of focus]]
[2020.02.19-20.44.44:052][  0]LogConfig: Setting CVar [[r.DOF.TemporalAAQuality:1                ; more stable temporal accumulation]]
[2020.02.19-20.44.44:052][  0]LogConfig: Setting CVar [[r.DOF.Kernel.MaxForegroundRadius:0.025]]
[2020.02.19-20.44.44:052][  0]LogConfig: Setting CVar [[r.DOF.Kernel.MaxBackgroundRadius:0.025]]
[2020.02.19-20.44.44:052][  0]LogConfig: Applying CVar settings from Section [TextureQuality@3] File [C:/Users/pa597399/Documents/First-Dungeon-Assignment/DungeonLevel/Saved/Config/Windows/Scalability.ini]
[2020.02.19-20.44.44:052][  0]LogConfig: Setting CVar [[r.Streaming.MipBias:0]]
[2020.02.19-20.44.44:052][  0]LogConfig: Setting CVar [[r.Streaming.AmortizeCPUToGPUCopy:0]]
[2020.02.19-20.44.44:052][  0]LogConfig: Setting CVar [[r.Streaming.MaxNumTexturesToStreamPerFrame:0]]
[2020.02.19-20.44.44:052][  0]LogConfig: Setting CVar [[r.Streaming.Boost:1]]
[2020.02.19-20.44.44:052][  0]LogConfig: Setting CVar [[r.MaxAnisotropy:8]]
[2020.02.19-20.44.44:052][  0]LogConfig: Setting CVar [[r.Streaming.LimitPoolSizeToVRAM:0]]
[2020.02.19-20.44.44:052][  0]LogConfig: Setting CVar [[r.Streaming.PoolSize:1000]]
[2020.02.19-20.44.44:052][  0]LogConfig: Setting CVar [[r.Streaming.MaxEffectiveScreenSize:0]]
[2020.02.19-20.44.44:052][  0]LogConfig: Applying CVar settings from Section [EffectsQuality@3] File [C:/Users/pa597399/Documents/First-Dungeon-Assignment/DungeonLevel/Saved/Config/Windows/Scalability.ini]
[2020.02.19-20.44.44:052][  0]LogConfig: Setting CVar [[r.TranslucencyLightingVolumeDim:64]]
[2020.02.19-20.44.44:052][  0]LogConfig: Setting CVar [[r.RefractionQuality:2]]
[2020.02.19-20.44.44:052][  0]LogConfig: Setting CVar [[r.SSR.Quality:3]]
[2020.02.19-20.44.44:052][  0]LogConfig: Setting CVar [[r.SceneColorFormat:4]]
[2020.02.19-20.44.44:052][  0]LogConfig: Setting CVar [[r.DetailMode:2]]
[2020.02.19-20.44.44:052][  0]LogConfig: Setting CVar [[r.TranslucencyVolumeBlur:1]]
[2020.02.19-20.44.44:052][  0]LogConfig: Setting CVar [[r.MaterialQualityLevel:1 ; High quality]]
[2020.02.19-20.44.44:052][  0]LogConfig: Setting CVar [[r.SSS.Scale:1]]
[2020.02.19-20.44.44:052][  0]LogConfig: Setting CVar [[r.SSS.SampleSet:2]]
[2020.02.19-20.44.44:052][  0]LogConfig: Setting CVar [[r.SSS.Quality:1]]
[2020.02.19-20.44.44:053][  0]LogConfig: Setting CVar [[r.SSS.HalfRes:1]]
[2020.02.19-20.44.44:053][  0]LogConfig: Setting CVar [[r.EmitterSpawnRateScale:1.0]]
[2020.02.19-20.44.44:053][  0]LogConfig: Setting CVar [[r.ParticleLightQuality:2]]
[2020.02.19-20.44.44:053][  0]LogConfig: Applying CVar settings from Section [FoliageQuality@3] File [C:/Users/pa597399/Documents/First-Dungeon-Assignment/DungeonLevel/Saved/Config/Windows/Scalability.ini]
[2020.02.19-20.44.44:053][  0]LogConfig: Setting CVar [[foliage.DensityScale:1.0]]
[2020.02.19-20.44.44:053][  0]LogConfig: Setting CVar [[grass.DensityScale:1.0]]
[2020.02.19-20.44.44:053][  0]LogConfig: Applying CVar settings from Section [Startup] File [../../../Engine/Config/ConsoleVariables.ini]
[2020.02.19-20.44.44:053][  0]LogConfig: Setting CVar [[net.UseAdaptiveNetUpdateFrequency:0]]
[2020.02.19-20.44.44:053][  0]LogConfig: Setting CVar [[p.chaos.AllowCreatePhysxBodies:1]]
[2020.02.19-20.44.44:053][  0]LogConfig: Applying CVar settings from Section [ConsoleVariables] File [C:/Users/pa597399/Documents/First-Dungeon-Assignment/DungeonLevel/Saved/Config/Windows/Engine.ini]
[2020.02.19-20.44.44:053][  0]LogInit: Computer: DTC5GT3FX2
[2020.02.19-20.44.44:053][  0]LogInit: User: pa597399
[2020.02.19-20.44.44:053][  0]LogInit: CPU Page size=4096, Cores=8
[2020.02.19-20.44.44:053][  0]LogInit: High frequency timer resolution =10.000000 MHz
[2020.02.19-20.44.44:053][  0]LogMemory: Memory total: Physical=31.8GB (32GB approx)
[2020.02.19-20.44.44:053][  0]LogMemory: Platform Memory Stats for Windows
[2020.02.19-20.44.44:053][  0]LogMemory: Process Physical Memory: 99.04 MB used, 99.05 MB peak
[2020.02.19-20.44.44:053][  0]LogMemory: Process Virtual Memory: 90.87 MB used, 90.87 MB peak
[2020.02.19-20.44.44:053][  0]LogMemory: Physical Memory: 10039.62 MB used,  22546.94 MB free, 32586.56 MB total
[2020.02.19-20.44.44:053][  0]LogMemory: Virtual Memory: 4676.96 MB used,  134213048.00 MB free, 134217728.00 MB total
[2020.02.19-20.44.44:070][  0]LogInit: Using OS detected language (en-US).
[2020.02.19-20.44.44:070][  0]LogInit: Using OS detected locale (en-US).
[2020.02.19-20.44.44:070][  0]LogTextLocalizationManager: No specific localization for 'en-US' exists, so the 'en' localization will be used.
[2020.02.19-20.44.44:200][  0]LogInit: Setting process to per monitor DPI aware
[2020.02.19-20.44.44:233][  0]LogSlate: New Slate User Created.  User Index 0, Is Virtual User: 0
[2020.02.19-20.44.44:233][  0]LogSlate: Slate User Registered.  User Index 0, Is Virtual User: 0
[2020.02.19-20.44.44:352][  0]LogHMD: Failed to initialize OpenVR with code 110
[2020.02.19-20.44.44:352][  0]LogD3D11RHI: D3D11 adapters:
[2020.02.19-20.44.44:421][  0]LogD3D11RHI:    0. 'NVIDIA GeForce RTX 2080' (Feature Level 11_0)
[2020.02.19-20.44.44:421][  0]LogD3D11RHI:       8010/0/16293 MB DedicatedVideo/DedicatedSystem/SharedSystem, Outputs:2, VendorId:0x10de
[2020.02.19-20.44.44:448][  0]LogD3D11RHI:    1. 'Intel(R) UHD Graphics 630' (Feature Level 11_0)
[2020.02.19-20.44.44:448][  0]LogD3D11RHI:       128/0/16293 MB DedicatedVideo/DedicatedSystem/SharedSystem, Outputs:0, VendorId:0x8086
[2020.02.19-20.44.44:449][  0]LogD3D11RHI:    2. 'Microsoft Basic Render Driver' (Feature Level 11_0)
[2020.02.19-20.44.44:450][  0]LogD3D11RHI:       0/0/16293 MB DedicatedVideo/DedicatedSystem/SharedSystem, Outputs:0, VendorId:0x1414
[2020.02.19-20.44.44:451][  0]LogD3D11RHI:    3. 'Microsoft Basic Render Driver' (Feature Level 11_0)
[2020.02.19-20.44.44:451][  0]LogD3D11RHI:       0/0/16293 MB DedicatedVideo/DedicatedSystem/SharedSystem, Outputs:0, VendorId:0x1414
[2020.02.19-20.44.44:453][  0]LogD3D11RHI:    4. 'Microsoft Basic Render Driver' (Feature Level 11_0)
[2020.02.19-20.44.44:453][  0]LogD3D11RHI:       0/0/16293 MB DedicatedVideo/DedicatedSystem/SharedSystem, Outputs:0, VendorId:0x1414
[2020.02.19-20.44.44:453][  0]LogD3D11RHI: Chosen D3D11 Adapter: 0
[2020.02.19-20.44.44:461][  0]LogD3D11RHI: Creating new Direct3DDevice
[2020.02.19-20.44.44:461][  0]LogD3D11RHI:     GPU DeviceId: 0x1e87 (for the marketing name, search the web for "GPU Device Id")
[2020.02.19-20.44.44:461][  0]LogWindows: EnumDisplayDevices:
[2020.02.19-20.44.44:461][  0]LogWindows:    0. 'NVIDIA GeForce RTX 2080' (P:1 D:1)
[2020.02.19-20.44.44:461][  0]LogWindows:    1. 'NVIDIA GeForce RTX 2080' (P:0 D:1)
[2020.02.19-20.44.44:462][  0]LogWindows:    2. 'NVIDIA GeForce RTX 2080' (P:0 D:0)
[2020.02.19-20.44.44:462][  0]LogWindows:    3. 'NVIDIA GeForce RTX 2080' (P:0 D:0)
[2020.02.19-20.44.44:462][  0]LogWindows:    4. 'Intel(R) UHD Graphics 630' (P:0 D:0)
[2020.02.19-20.44.44:462][  0]LogWindows:    5. 'Intel(R) UHD Graphics 630' (P:0 D:0)
[2020.02.19-20.44.44:462][  0]LogWindows:    6. 'Intel(R) UHD Graphics 630' (P:0 D:0)
[2020.02.19-20.44.44:463][  0]LogWindows:    7. 'Intel Unite Graphics Adapter' (P:0 D:0)
[2020.02.19-20.44.44:463][  0]LogWindows:    8. 'Intel Unite Graphics Adapter' (P:0 D:0)
[2020.02.19-20.44.44:463][  0]LogWindows:    9. 'Intel Unite Graphics Adapter' (P:0 D:0)
[2020.02.19-20.44.44:463][  0]LogWindows:    10. 'Citrix Indirect Display Adapter' (P:0 D:0)
[2020.02.19-20.44.44:463][  0]LogWindows:    11. 'Citrix Indirect Display Adapter' (P:0 D:0)
[2020.02.19-20.44.44:463][  0]LogWindows:    12. 'Citrix Indirect Display Adapter' (P:0 D:0)
[2020.02.19-20.44.44:464][  0]LogWindows:    13. 'Citrix Indirect Display Adapter' (P:0 D:0)
[2020.02.19-20.44.44:464][  0]LogWindows:    14. 'Citrix Indirect Display Adapter' (P:0 D:0)
[2020.02.19-20.44.44:464][  0]LogWindows:    15. 'Citrix Indirect Display Adapter' (P:0 D:0)
[2020.02.19-20.44.44:464][  0]LogWindows:    16. 'Citrix Indirect Display Adapter' (P:0 D:0)
[2020.02.19-20.44.44:464][  0]LogWindows:    17. 'Citrix Indirect Display Adapter' (P:0 D:0)
[2020.02.19-20.44.44:465][  0]LogWindows: DebugString: PrimaryIsNotTheChoosenAdapter PrimaryIsNotTheChoosenAdapter PrimaryIsNotTheChoosenAdapter PrimaryIsNotTheChoosenAdapter PrimaryIsNotTheChoosenAdapter PrimaryIsNotTheChoosenAdapter GetVideoDriverDetailsInvalid PrimaryIsNotTheChoosenAdapter GetVideoDriverDetailsInvalid PrimaryIsNotTheChoosenAdapter GetVideoDriverDetailsInvalid PrimaryIsNotTheChoosenAdapter GetVideoDriverDetailsInvalid PrimaryIsNotTheChoosenAdapter GetVideoDriverDetailsInvalid PrimaryIsNotTheChoosenAdapter GetVideoDriverDetailsInvalid PrimaryIsNotTheChoosenAdapter GetVideoDriverDetailsInvalid PrimaryIsNotTheChoosenAdapter GetVideoDriverDetailsInvalid PrimaryIsNotTheChoosenAdapter FoundDriverCount:4 
[2020.02.19-20.44.44:465][  0]LogD3D11RHI:     Adapter Name: NVIDIA GeForce RTX 2080
[2020.02.19-20.44.44:465][  0]LogD3D11RHI:   Driver Version: 441.12 (internal:26.21.14.4112, unified:441.12)
[2020.02.19-20.44.44:465][  0]LogD3D11RHI:      Driver Date: 10-24-2019
[2020.02.19-20.44.44:465][  0]LogRHI: Texture pool is 5607 MB (70% of 8010 MB)
[2020.02.19-20.44.44:503][  0]LogD3D11RHI: Async texture creation enabled
[2020.02.19-20.44.44:506][  0]LogRendererCore: FGlobalReadBuffer::InitRHI
[2020.02.19-20.44.44:506][  0]LogRendererCore: FGlobalReadBuffer::InitRHI
[2020.02.19-20.44.44:506][  0]LogRendererCore: FGlobalReadBuffer::InitRHI
[2020.02.19-20.44.44:513][  0]LogD3D11RHI: GPU Timing Frequency: 1000.000000 (Debug: 2 1)
[2020.02.19-20.44.44:719][  0]LogTemp: Display: Module 'AllDesktopTargetPlatform' loaded TargetPlatform 'AllDesktop'
[2020.02.19-20.44.44:730][  0]LogTemp: Display: Module 'MacClientTargetPlatform' loaded TargetPlatform 'MacClient'
[2020.02.19-20.44.44:741][  0]LogTemp: Display: Module 'MacNoEditorTargetPlatform' loaded TargetPlatform 'MacNoEditor'
[2020.02.19-20.44.44:751][  0]LogTemp: Display: Module 'MacServerTargetPlatform' loaded TargetPlatform 'MacServer'
[2020.02.19-20.44.44:763][  0]LogTemp: Display: Module 'MacTargetPlatform' loaded TargetPlatform 'Mac'
[2020.02.19-20.44.44:773][  0]LogTemp: Display: Module 'WindowsClientTargetPlatform' loaded TargetPlatform 'WindowsClient'
[2020.02.19-20.44.44:784][  0]LogTemp: Display: Module 'WindowsNoEditorTargetPlatform' loaded TargetPlatform 'WindowsNoEditor'
[2020.02.19-20.44.44:794][  0]LogTemp: Display: Module 'WindowsServerTargetPlatform' loaded TargetPlatform 'WindowsServer'
[2020.02.19-20.44.44:800][  0]LogTemp: Display: Module 'WindowsTargetPlatform' loaded TargetPlatform 'Windows'
[2020.02.19-20.44.44:859][  0]LogTemp: Display: Module 'AndroidTargetPlatform' loaded TargetPlatform 'Android'
[2020.02.19-20.44.44:860][  0]LogTemp: Display: Module 'AndroidTargetPlatform' loaded TargetPlatform 'Android_ASTC'
[2020.02.19-20.44.44:860][  0]LogTemp: Display: Module 'AndroidTargetPlatform' loaded TargetPlatform 'Android_ATC'
[2020.02.19-20.44.44:860][  0]LogTemp: Display: Module 'AndroidTargetPlatform' loaded TargetPlatform 'Android_DXT'
[2020.02.19-20.44.44:860][  0]LogTemp: Display: Module 'AndroidTargetPlatform' loaded TargetPlatform 'Android_ETC1'
[2020.02.19-20.44.44:860][  0]LogTemp: Display: Module 'AndroidTargetPlatform' loaded TargetPlatform 'Android_ETC1a'
[2020.02.19-20.44.44:860][  0]LogTemp: Display: Module 'AndroidTargetPlatform' loaded TargetPlatform 'Android_ETC2'
[2020.02.19-20.44.44:860][  0]LogTemp: Display: Module 'AndroidTargetPlatform' loaded TargetPlatform 'Android_PVRTC'
[2020.02.19-20.44.44:860][  0]LogTemp: Display: Module 'AndroidTargetPlatform' loaded TargetPlatform 'AndroidClient'
[2020.02.19-20.44.44:860][  0]LogTemp: Display: Module 'AndroidTargetPlatform' loaded TargetPlatform 'Android_ASTCClient'
[2020.02.19-20.44.44:860][  0]LogTemp: Display: Module 'AndroidTargetPlatform' loaded TargetPlatform 'Android_ATCClient'
[2020.02.19-20.44.44:860][  0]LogTemp: Display: Module 'AndroidTargetPlatform' loaded TargetPlatform 'Android_DXTClient'
[2020.02.19-20.44.44:860][  0]LogTemp: Display: Module 'AndroidTargetPlatform' loaded TargetPlatform 'Android_ETC1Client'
[2020.02.19-20.44.44:860][  0]LogTemp: Display: Module 'AndroidTargetPlatform' loaded TargetPlatform 'Android_ETC1aClient'
[2020.02.19-20.44.44:860][  0]LogTemp: Display: Module 'AndroidTargetPlatform' loaded TargetPlatform 'Android_ETC2Client'
[2020.02.19-20.44.44:860][  0]LogTemp: Display: Module 'AndroidTargetPlatform' loaded TargetPlatform 'Android_PVRTCClient'
[2020.02.19-20.44.44:860][  0]LogTemp: Display: Module 'AndroidTargetPlatform' loaded TargetPlatform 'Android_Multi'
[2020.02.19-20.44.44:860][  0]LogTemp: Display: Module 'AndroidTargetPlatform' loaded TargetPlatform 'Android_MultiClient'
[2020.02.19-20.44.44:861][  0]LogTemp: Display: Module 'HTML5TargetPlatform' loaded TargetPlatform 'HTML5'
[2020.02.19-20.44.44:904][  0]LogTemp: Display: Module 'IOSTargetPlatform' loaded TargetPlatform 'IOSClient'
[2020.02.19-20.44.44:904][  0]LogTemp: Display: Module 'IOSTargetPlatform' loaded TargetPlatform 'IOS'
[2020.02.19-20.44.44:922][  0]LogTemp: Display: Module 'TVOSTargetPlatform' loaded TargetPlatform 'TVOSClient'
[2020.02.19-20.44.44:922][  0]LogTemp: Display: Module 'TVOSTargetPlatform' loaded TargetPlatform 'TVOS'
[2020.02.19-20.44.44:931][  0]LogTemp: Display: Module 'LinuxClientTargetPlatform' loaded TargetPlatform 'LinuxClient'
[2020.02.19-20.44.44:940][  0]LogTemp: Display: Module 'LinuxNoEditorTargetPlatform' loaded TargetPlatform 'LinuxNoEditor'
[2020.02.19-20.44.44:949][  0]LogTemp: Display: Module 'LinuxServerTargetPlatform' loaded TargetPlatform 'LinuxServer'
[2020.02.19-20.44.44:959][  0]LogTemp: Display: Module 'LinuxTargetPlatform' loaded TargetPlatform 'Linux'
[2020.02.19-20.44.44:992][  0]LogTemp: Display: Module 'LuminTargetPlatform' loaded TargetPlatform 'Lumin'
[2020.02.19-20.44.44:992][  0]LogTemp: Display: Module 'LuminTargetPlatform' loaded TargetPlatform 'LuminClient'
[2020.02.19-20.44.44:992][  0]LogTargetPlatformManager: Display: Building Assets For Windows
[2020.02.19-20.44.44:999][  0]LogAudioDebug: Display: Lib vorbis DLL was dynamically loaded.
[2020.02.19-20.44.45:043][  0]LogShaderCompilers: Guid format shader working directory is -30 characters bigger than the processId version (../../../../../../Users/pa597399/Documents/First-Dungeon-Assignment/DungeonLevel/Intermediate/Shaders/WorkingDirectory/13444/).
[2020.02.19-20.44.45:043][  0]LogShaderCompilers: Cleaned the shader compiler working directory 'C:/Users/pa597399/AppData/Local/Temp/4/UnrealShaderWorkingDir/CCADB6AB459F85CEDA98A29D40C7508E/'.
[2020.02.19-20.44.45:056][  0]LogShaderCompilers: Display: Using XGE Shader Compiler (Interception Interface).
[2020.02.19-20.44.45:492][  0]LogDerivedDataCache: Display: Max Cache Size: 512 MB
[2020.02.19-20.44.45:528][  0]LogDerivedDataCache: Loaded boot cache 0.04s 72MB C:/Users/pa597399/AppData/Local/UnrealEngine/4.22/DerivedDataCache/Boot.ddc.
[2020.02.19-20.44.45:528][  0]LogDerivedDataCache: Display: Loaded Boot cache: C:/Users/pa597399/AppData/Local/UnrealEngine/4.22/DerivedDataCache/Boot.ddc
[2020.02.19-20.44.45:528][  0]LogDerivedDataCache: FDerivedDataBackendGraph:  Pak pak cache file ../../../../../../Users/pa597399/Documents/First-Dungeon-Assignment/DungeonLevel/DerivedDataCache/DDC.ddp not found, will not use a pak cache.
[2020.02.19-20.44.45:528][  0]LogDerivedDataCache: Unable to find inner node Pak for hierarchical cache Hierarchy.
[2020.02.19-20.44.45:528][  0]LogDerivedDataCache: FDerivedDataBackendGraph:  CompressedPak pak cache file ../../../../../../Users/pa597399/Documents/First-Dungeon-Assignment/DungeonLevel/DerivedDataCache/Compressed.ddp not found, will not use a pak cache.
[2020.02.19-20.44.45:528][  0]LogDerivedDataCache: Unable to find inner node CompressedPak for hierarchical cache Hierarchy.
[2020.02.19-20.44.45:537][  0]LogDerivedDataCache: Display: Pak cache opened for reading ../../../Engine/DerivedDataCache/Compressed.ddp.
[2020.02.19-20.44.45:539][  0]LogDerivedDataCache: Display: Pak cache opened for reading ../../../Enterprise/DerivedDataCache/Compressed.ddp.
[2020.02.19-20.44.45:551][  0]LogDerivedDataCache: Using Local data cache path C:/Users/pa597399/AppData/Local/UnrealEngine/Common/DerivedDataCache: Writable
[2020.02.19-20.44.45:551][  0]LogDerivedDataCache: Shared data cache path not found in *engine.ini, will not use an Shared cache.
[2020.02.19-20.44.45:551][  0]LogDerivedDataCache: Unable to find inner node Shared for hierarchical cache Hierarchy.
[2020.02.19-20.44.45:567][  0]LogMaterial: Verifying Global Shaders for PCD3D_SM5
[2020.02.19-20.44.45:568][  0]LogSlate: Using FreeType 2.6.0
[2020.02.19-20.44.45:569][  0]LogSlate: SlateFontServices - WITH_FREETYPE: 1, WITH_HARFBUZZ: 1
[2020.02.19-20.44.45:636][  0]LogAssetRegistry: FAssetRegistry took 0.0308 seconds to start up
[2020.02.19-20.44.45:876][  0]LogInit: Selected Device Profile: [Windows]
[2020.02.19-20.44.45:984][  0]LogMeshReduction: Using QuadricMeshReduction for automatic static mesh reduction
[2020.02.19-20.44.45:984][  0]LogMeshReduction: Using SimplygonMeshReduction for automatic skeletal mesh reduction
[2020.02.19-20.44.45:984][  0]LogMeshReduction: Using ProxyLODMeshReduction for automatic mesh merging
[2020.02.19-20.44.45:984][  0]LogMeshReduction: No distributed automatic mesh merging module available
[2020.02.19-20.44.45:984][  0]LogMeshMerging: No distributed automatic mesh merging module available
[2020.02.19-20.44.45:995][  0]LogNetVersion: DungeonProject 1.0.0, NetCL: 5660361, EngineNetVer: 10, GameNetVer: 0 (Checksum: 462601710)
[2020.02.19-20.44.46:293][  0]LogPackageLocalizationCache: Processed 16 localized package path(s) for 1 prioritized culture(s) in 0.037868 seconds
[2020.02.19-20.44.46:297][  0]LogUObjectArray: 42205 objects as part of root set at end of initial load.
[2020.02.19-20.44.46:297][  0]LogUObjectAllocator: 7325032 out of 0 bytes used by permanent object pool.
[2020.02.19-20.44.46:297][  0]LogUObjectArray: CloseDisregardForGC: 0/0 objects in disregard for GC pool
[2020.02.19-20.44.46:900][  0]LogTcpMessaging: Initializing TcpMessaging bridge
[2020.02.19-20.44.46:913][  0]LogUdpMessaging: Initializing bridge on interface 0.0.0.0:0 to multicast group 230.0.0.1:6666.
[2020.02.19-20.44.47:003][  0]SourceControl: Source control is disabled
[2020.02.19-20.44.47:003][  0]SourceControl: Source control is disabled
[2020.02.19-20.44.47:004][  0]SourceControl: Source control is disabled
[2020.02.19-20.44.47:005][  0]SourceControl: Source control is disabled
[2020.02.19-20.44.47:088][  0]LogAndroidPermission: UAndroidPermissionCallbackProxy::GetInstance
[2020.02.19-20.44.47:170][  0]LogOcInput: OculusInput pre-init called
[2020.02.19-20.44.48:730][  0]LogWindows: Failed to load 'libalias_api.dll' (GetLastError=126)
[2020.02.19-20.44.48:730][  0]LogWindows: File 'libalias_api.dll' does not exist
[2020.02.19-20.44.48:731][  0]LogWindows: Failed to load 'libalias_api.dll' (GetLastError=126)
[2020.02.19-20.44.48:731][  0]LogWindows: File 'libalias_api.dll' does not exist
[2020.02.19-20.44.48:853][  0]LogEngine: Initializing Engine...
[2020.02.19-20.44.48:853][  0]LogHMD: Failed to initialize OpenVR with code 110
[2020.02.19-20.44.48:854][  0]LogStats: UGameplayTagsManager::InitializeManager -  0.000 s
[2020.02.19-20.44.49:001][  0]LogInit: Initializing FReadOnlyCVARCache
[2020.02.19-20.44.49:017][  0]LogAIModule: Creating AISystem for world Untitled
[2020.02.19-20.44.49:040][  0]LogInit: XAudio2 using 'DELL U2419H (NVIDIA High Definition Audio)' : 2 channels at 48 kHz using 16 bits per sample (channel mask 0x3)
[2020.02.19-20.44.49:129][  0]LogInit: FAudioDevice initialized.
[2020.02.19-20.44.49:130][  0]LogNetVersion: Set ProjectVersion to 1.0.0.0. Version Checksum will be recalculated on next use.
[2020.02.19-20.44.49:168][  0]LogDerivedDataCache: Saved boot cache 0.04s 72MB C:/Users/pa597399/AppData/Local/UnrealEngine/4.22/DerivedDataCache/Boot.ddc.
[2020.02.19-20.44.49:174][  0]LogInit: Texture streaming: Enabled
[2020.02.19-20.44.49:189][  0]LogEngineSessionManager: EngineSessionManager initialized
[2020.02.19-20.44.49:209][  0]LogInit: Transaction tracking system initialized
[2020.02.19-20.44.49:230][  0]BlueprintLog: New page: Editor Load
[2020.02.19-20.44.49:298][  0]LocalizationService: Localization service is disabled
[2020.02.19-20.44.49:527][  0]LogFileCache: Scanning file cache for directory 'C:/Users/pa597399/Documents/First-Dungeon-Assignment/DungeonLevel/Content/' took 0.01s
[2020.02.19-20.44.49:527][  0]LogCook: Display: Max memory allowance for cook 16384mb min free memory 0mb
[2020.02.19-20.44.49:527][  0]LogCook: Display: Mobile HDR setting 1
[2020.02.19-20.44.50:502][  0]SourceControl: Source control is disabled
[2020.02.19-20.44.50:502][  0]Cmd: MAP LOAD FILE="../../../Engine/Content/Maps/Templates/Template_Default.umap" TEMPLATE=1 SHOWPROGRESS=1 FEATURELEVEL=3
[2020.02.19-20.44.50:502][  0]LightingResults: New page: Lighting Build
[2020.02.19-20.44.50:505][  0]MapCheck: New page: Map Check
[2020.02.19-20.44.50:505][  0]LightingResults: New page: Lighting Build
[2020.02.19-20.44.50:530][  0]LogUObjectHash: Compacting FUObjectHashTables data took   1.94ms
[2020.02.19-20.44.50:586][  0]LogAIModule: Creating AISystem for world Untitled_1
[2020.02.19-20.44.50:590][  0]LogEditorServer: Finished looking for orphan Actors (0.000 secs)
[2020.02.19-20.44.50:615][  0]LogUObjectHash: Compacting FUObjectHashTables data took   2.43ms
[2020.02.19-20.44.50:616][  0]Cmd: MAP CHECKDEP NOCLEARLOG
[2020.02.19-20.44.50:616][  0]MapCheck: Map check complete: 0 Error(s), 0 Warning(s), took 0.124ms to complete.
[2020.02.19-20.44.50:616][  0]LogFileHelpers: Loading map 'Template_Default' took 0.114
[2020.02.19-20.44.50:706][  0]LogSlate: Updating window title bar state: overlay mode, drag disabled, window buttons hidden, title bar hidden
[2020.02.19-20.44.50:711][  0]LogSlate: Updating window title bar state: overlay mode, drag disabled, window buttons hidden, title bar hidden
[2020.02.19-20.44.50:716][  0]LogSlate: Updating window title bar state: overlay mode, drag disabled, window buttons hidden, title bar hidden
[2020.02.19-20.44.50:721][  0]LogSlate: Updating window title bar state: overlay mode, drag disabled, window buttons hidden, title bar hidden
[2020.02.19-20.44.50:726][  0]LogCollectionManager: Loaded 0 collections in 0.001672 seconds
[2020.02.19-20.44.50:742][  0]LogFileCache: Scanning file cache for directory 'C:/Users/pa597399/Documents/First-Dungeon-Assignment/DungeonLevel/Saved/Collections/' took 0.01s
[2020.02.19-20.44.50:742][  0]LogFileCache: Scanning file cache for directory 'C:/Users/pa597399/Documents/First-Dungeon-Assignment/DungeonLevel/Content/Developers/pa597399/Collections/' took 0.00s
[2020.02.19-20.44.50:742][  0]LogFileCache: Scanning file cache for directory 'C:/Users/pa597399/Documents/First-Dungeon-Assignment/DungeonLevel/Content/Collections/' took 0.00s
[2020.02.19-20.44.50:742][  0]LogCollectionManager: Rebuilt the GUID cache for 0 collections in 0.000000 seconds
[2020.02.19-20.44.50:748][  0]LogContentBrowser: Native class hierarchy populated in 0.0066 seconds. Added 2864 classes and 726 folders.
[2020.02.19-20.44.50:754][  0]LogContentBrowser: Native class hierarchy updated for 'WidgetCarousel' in 0.0002 seconds. Added 0 classes and 0 folders.
[2020.02.19-20.44.50:755][  0]LogPakFile: Registered encryption key '00000000000000000000000000000000': 0 pak files mounted, 0 remain pending
[2020.02.19-20.44.50:755][  0]LogPakFile: Registered encryption key '00000000000000000000000000000000': 0 pak files mounted, 0 remain pending
[2020.02.19-20.44.50:756][  0]LogPakFile: Registered encryption key '00000000000000000000000000000000': 0 pak files mounted, 0 remain pending
[2020.02.19-20.44.50:756][  0]LogPakFile: Registered encryption key '00000000000000000000000000000000': 0 pak files mounted, 0 remain pending
[2020.02.19-20.44.50:756][  0]LogPakFile: Registered encryption key '00000000000000000000000000000000': 0 pak files mounted, 0 remain pending
[2020.02.19-20.44.50:757][  0]LogPakFile: Registered encryption key '00000000000000000000000000000000': 0 pak files mounted, 0 remain pending
[2020.02.19-20.44.50:757][  0]LogPakFile: Registered encryption key '00000000000000000000000000000000': 0 pak files mounted, 0 remain pending
[2020.02.19-20.44.50:757][  0]LogPakFile: Registered encryption key '00000000000000000000000000000000': 0 pak files mounted, 0 remain pending
[2020.02.19-20.44.50:758][  0]LogPakFile: Registered encryption key '00000000000000000000000000000000': 0 pak files mounted, 0 remain pending
[2020.02.19-20.44.50:758][  0]LogPakFile: Registered encryption key '00000000000000000000000000000000': 0 pak files mounted, 0 remain pending
[2020.02.19-20.44.50:758][  0]LogPakFile: Registered encryption key '00000000000000000000000000000000': 0 pak files mounted, 0 remain pending
[2020.02.19-20.44.50:758][  0]LogPakFile: Registered encryption key '00000000000000000000000000000000': 0 pak files mounted, 0 remain pending
[2020.02.19-20.44.50:759][  0]LogPakFile: Registered encryption key '00000000000000000000000000000000': 0 pak files mounted, 0 remain pending
[2020.02.19-20.44.50:759][  0]LogPakFile: Registered encryption key '00000000000000000000000000000000': 0 pak files mounted, 0 remain pending
[2020.02.19-20.44.50:759][  0]LogPakFile: Registered encryption key '00000000000000000000000000000000': 0 pak files mounted, 0 remain pending
[2020.02.19-20.44.50:760][  0]LogPakFile: Registered encryption key '00000000000000000000000000000000': 0 pak files mounted, 0 remain pending
[2020.02.19-20.44.50:760][  0]LogPakFile: Registered encryption key '00000000000000000000000000000000': 0 pak files mounted, 0 remain pending
[2020.02.19-20.44.50:760][  0]LogPakFile: Registered encryption key '00000000000000000000000000000000': 0 pak files mounted, 0 remain pending
[2020.02.19-20.44.50:761][  0]LogPakFile: Registered encryption key '00000000000000000000000000000000': 0 pak files mounted, 0 remain pending
[2020.02.19-20.44.50:761][  0]LogPakFile: Registered encryption key '00000000000000000000000000000000': 0 pak files mounted, 0 remain pending
[2020.02.19-20.44.50:761][  0]LogPakFile: Registered encryption key '00000000000000000000000000000000': 0 pak files mounted, 0 remain pending
[2020.02.19-20.44.50:762][  0]LogPakFile: Registered encryption key '00000000000000000000000000000000': 0 pak files mounted, 0 remain pending
[2020.02.19-20.44.50:762][  0]LogPakFile: Registered encryption key '00000000000000000000000000000000': 0 pak files mounted, 0 remain pending
[2020.02.19-20.44.50:762][  0]LogPakFile: Registered encryption key '00000000000000000000000000000000': 0 pak files mounted, 0 remain pending
[2020.02.19-20.44.50:763][  0]LogPakFile: Registered encryption key '00000000000000000000000000000000': 0 pak files mounted, 0 remain pending
[2020.02.19-20.44.50:763][  0]LogPakFile: Registered encryption key '00000000000000000000000000000000': 0 pak files mounted, 0 remain pending
[2020.02.19-20.44.50:763][  0]LogPakFile: Registered encryption key '00000000000000000000000000000000': 0 pak files mounted, 0 remain pending
[2020.02.19-20.44.50:764][  0]LogPakFile: Registered encryption key '00000000000000000000000000000000': 0 pak files mounted, 0 remain pending
[2020.02.19-20.44.50:786][  0]LogContentBrowser: Native class hierarchy updated for 'AddContentDialog' in 0.0002 seconds. Added 0 classes and 0 folders.
[2020.02.19-20.44.50:788][  0]LogContentBrowser: Native class hierarchy updated for 'SceneOutliner' in 0.0002 seconds. Added 1 classes and 0 folders.
[2020.02.19-20.44.50:805][  0]LogSlate: Took 0.000111 seconds to synchronously load lazily loaded font '../../../Engine/Content/Slate/Fonts/Roboto-Regular.ttf' (155K)
[2020.02.19-20.44.50:806][  0]LogSlate: Took 0.000095 seconds to synchronously load lazily loaded font '../../../Engine/Content/Slate/Fonts/Roboto-Bold.ttf' (160K)
[2020.02.19-20.44.50:810][  0]LogSlate: Took 0.000092 seconds to synchronously load lazily loaded font '../../../Engine/Content/Editor/Slate/Fonts/FontAwesome.ttf' (139K)
[2020.02.19-20.44.50:856][  0]LogRenderer: Reallocating scene render targets to support 1208x572 Format 10 NumSamples 1 (Frame:1).
[2020.02.19-20.44.50:963][  0]LogContentBrowser: Native class hierarchy updated for 'HierarchicalLODOutliner' in 0.0002 seconds. Added 0 classes and 0 folders.
[2020.02.19-20.44.50:963][  0]LogLoad: (Engine Initialization) Total time: 8.80 seconds
[2020.02.19-20.44.50:963][  0]LogLoad: (Engine Initialization) Total Blueprint compile time: 0.00 seconds
[2020.02.19-20.44.50:990][  0]LogAssetRegistry: Asset discovery search completed in 5.3765 seconds
[2020.02.19-20.44.50:992][  0]LogCollectionManager: Rebuilt the object cache for 0 collections in 0.000000 seconds (found 0 objects)
[2020.02.19-20.44.50:992][  0]LogCollectionManager: Fixed up redirectors for 0 collections in 0.000033 seconds (updated 0 objects)
[2020.02.19-20.44.50:993][  0]LogContentStreaming: Texture pool size now 1000 MB
[2020.02.19-20.44.51:009][  0]LogSlate: Took 0.000093 seconds to synchronously load lazily loaded font '../../../Engine/Content/Slate/Fonts/Roboto-Light.ttf' (167K)
[2020.02.19-20.44.53:458][278]LogSlate: FSceneViewport::OnFocusLost() reason 0
[2020.02.19-20.44.56:065][590]LogSlate: Took 0.000096 seconds to synchronously load lazily loaded font '../../../Engine/Content/Slate/Fonts/Roboto-Light.ttf' (167K)
[2020.02.19-20.44.56:093][590]LogLinker: Warning: Error opening file '../../../Engine/Content/BasicShapes/BasicShapeMaterial.uasset'.
[2020.02.19-20.44.56:093][590]LogLinker: Warning: Error opening file '../../../Engine/Content/BasicShapes/BasicShapeMaterial.uasset'.
[2020.02.19-20.44.56:093][590]LogLinker: Warning: Error opening file '../../../Engine/Content/BasicShapes/BasicShapeMaterial.uasset'.
[2020.02.19-20.44.56:093][590]LogLinker: Warning: Error opening file '../../../Engine/Content/BasicShapes/BasicShapeMaterial.uasset'.
[2020.02.19-20.44.56:095][590]LogLinker: Warning: Error opening file '../../../Engine/Content/BasicShapes/BasicShapeMaterial.uasset'.
[2020.02.19-20.44.56:095][590]LogLinker: Warning: Error opening file '../../../Engine/Content/BasicShapes/BasicShapeMaterial.uasset'.
[2020.02.19-20.44.56:095][590]LogLinker: Warning: Error opening file '../../../Engine/Content/BasicShapes/BasicShapeMaterial.uasset'.
[2020.02.19-20.44.56:095][590]LogLinker: Warning: Error opening file '../../../Engine/Content/BasicShapes/BasicShapeMaterial.uasset'.
[2020.02.19-20.44.56:096][590]LogLinker: Warning: Error opening file '../../../Engine/Content/BasicShapes/BasicShapeMaterial.uasset'.
[2020.02.19-20.44.56:096][590]LogLinker: Warning: Error opening file '../../../Engine/Content/BasicShapes/BasicShapeMaterial.uasset'.
[2020.02.19-20.44.56:096][590]LogLinker: Warning: Error opening file '../../../Engine/Content/BasicShapes/BasicShapeMaterial.uasset'.
[2020.02.19-20.44.56:096][590]LogLinker: Warning: Error opening file '../../../Engine/Content/BasicShapes/BasicShapeMaterial.uasset'.
[2020.02.19-20.44.56:147][590]LogAIModule: Creating AISystem for world FirstRoomPaul
[2020.02.19-20.44.56:154][590]LogAssetEditorManager: Opening Asset editor for World /Game/Levels/FirstRoomPaul.FirstRoomPaul
[2020.02.19-20.44.56:181][590]LogUObjectHash: Compacting FUObjectHashTables data took   2.54ms
[2020.02.19-20.44.56:182][590]Cmd: MAP LOAD FILE="../../../../../../Users/pa597399/Documents/First-Dungeon-Assignment/DungeonLevel/Content/Levels/FirstRoomPaul.umap" TEMPLATE=0 SHOWPROGRESS=1 FEATURELEVEL=3
[2020.02.19-20.44.56:182][590]LightingResults: New page: Lighting Build
[2020.02.19-20.44.56:182][590]LoadErrors: New page: Loading map: FirstRoomPaul.umap
[2020.02.19-20.44.56:182][590]MapCheck: New page: Map Check
[2020.02.19-20.44.56:182][590]LightingResults: New page: Lighting Build
[2020.02.19-20.44.56:209][590]LogUObjectHash: Compacting FUObjectHashTables data took   2.02ms
[2020.02.19-20.44.56:213][590]LogEditorServer: Finished looking for orphan Actors (0.000 secs)
[2020.02.19-20.44.56:237][590]LogUObjectHash: Compacting FUObjectHashTables data took   1.80ms
[2020.02.19-20.44.56:257][590]Cmd: MAP CHECKDEP NOCLEARLOG
[2020.02.19-20.44.56:258][590]MapCheck: Map check complete: 0 Error(s), 0 Warning(s), took 0.095ms to complete.
[2020.02.19-20.44.56:258][590]LogFileHelpers: Loading map 'FirstRoomPaul' took 0.077
[2020.02.19-20.44.59:979][ 27]MapCheck: New page: Map Check
[2020.02.19-20.44.59:986][ 27]Cmd: MAP REBUILD ALLVISIBLE
[2020.02.19-20.44.59:986][ 27]LogEditorServer: Rebuildmap Clear paths rebuilt
[2020.02.19-20.45.00:025][ 27]LogUObjectHash: Compacting FUObjectHashTables data took   1.41ms
[2020.02.19-20.45.00:035][ 27]LogMaterial: Display: Missing cached shader map for material DebugViewMode MaterialTexCoordScale, compiling. 
[2020.02.19-20.45.00:043][ 27]LogMaterial: Display: Missing cached shader map for material DebugViewMode MaterialTexCoordScale, compiling. 
[2020.02.19-20.45.00:049][ 27]LogMaterial: Display: Missing cached shader map for material DebugViewMode MaterialTexCoordScale, compiling. 
[2020.02.19-20.45.00:054][ 27]LogMaterial: Display: Missing cached shader map for material DebugViewMode MaterialTexCoordScale, compiling. 
[2020.02.19-20.45.00:059][ 27]LogMaterial: Display: Missing cached shader map for material DebugViewMode MaterialTexCoordScale, compiling. 
[2020.02.19-20.45.02:306][ 27]TextureStreamingBuild: Display: Compiling optional shaders took 2.276 seconds.
[2020.02.19-20.45.02:326][ 27]LogLevel: Display: Export Material TexCoord Scales took 0.020 seconds.
[2020.02.19-20.45.02:332][ 27]TextureStreamingBuild: Display: Build Texture Streaming took 0.005 seconds.
[2020.02.19-20.45.02:354][ 27]LogUObjectHash: Compacting FUObjectHashTables data took   0.47ms
[2020.02.19-20.45.02:355][ 27]LightingResults: New page: Lighting Build - Feb 19, 2020, 10:45:02 AM
[2020.02.19-20.45.02:381][ 27]LogSwarmInterface: [OpenConnection] Registering TCP channel ...
[2020.02.19-20.45.02:444][ 27]LogSwarmInterface: [OpenConnection] Connecting to agent ...
[2020.02.19-20.45.02:452][ 27]LogSwarmInterface: [TryOpenConnection] Testing the Agent
[2020.02.19-20.45.02:958][ 27]LogSwarmInterface: [TryOpenConnection] Opening Connection to Agent
[2020.02.19-20.45.02:959][ 27]LogSwarmInterface: [TryOpenConnection] Local Process ID is 13444
[2020.02.19-20.45.03:366][ 27]LogStaticLightingSystem: Warning: No importance volume found, so the scene bounding box was used.  You can optimize your scene's quality and lighting build times by adding importance volumes.
[2020.02.19-20.45.03:366][ 27]LogStaticLightingSystem: Running Lightmass w/ ImmediateImport mode ENABLED
[2020.02.19-20.45.03:366][ 27]LogStaticLightingSystem: Running Lightmass w/ ImmediateProcess mode ENABLED
[2020.02.19-20.45.03:366][ 27]LogStaticLightingSystem: Running Lightmass w/ Sorting mode ENABLED
[2020.02.19-20.45.03:366][ 27]LogStaticLightingSystem: Running Lightmass w/ Mapping paddings ENABLED
[2020.02.19-20.45.03:366][ 27]LogStaticLightingSystem: Running Lightmass w/ Mapping debug paddings DISABLED
[2020.02.19-20.45.03:511][ 27]Cmd: MAP CHECK DONTDISPLAYDIALOG
[2020.02.19-20.45.03:511][ 27]MapCheck: New page: FirstRoomPaul - Feb 19, 2020, 10:45:03 AM
[2020.02.19-20.45.03:511][ 27]MapCheck: Map check complete: 0 Error(s), 0 Warning(s), took 0.323ms to complete.
[2020.02.19-20.45.03:536][ 27]LogEditorBuildUtils: Build time 0:03
[2020.02.19-20.45.03:556][ 27]LogMaterial: Display: Missing cached shader map for material FLightmassMaterialRenderer DefaultMaterial, compiling. 
[2020.02.19-20.45.03:565][ 27]LogMaterial: Display: Missing cached shader map for material FLightmassMaterialRenderer DefaultMaterial, compiling. 
[2020.02.19-20.45.03:589][ 28]LogMaterial: Display: Missing cached shader map for material FLightmassMaterialRenderer MaterialInstanceDynamic_0, compiling. 
[2020.02.19-20.45.03:597][ 28]LogMaterial: Display: Missing cached shader map for material FLightmassMaterialRenderer MaterialInstanceDynamic_0, compiling. 
[2020.02.19-20.45.03:619][ 29]LogMaterial: Display: Missing cached shader map for material FLightmassMaterialRenderer WorldGridMaterial, compiling. Is special engine material.
[2020.02.19-20.45.03:626][ 29]LogMaterial: Display: Missing cached shader map for material FLightmassMaterialRenderer WorldGridMaterial, compiling. Is special engine material.
[2020.02.19-20.45.06:490][ 36]LogUObjectHash: Compacting FUObjectHashTables data took   0.53ms
[2020.02.19-20.45.08:706][183]Job is a success!
[2020.02.19-20.45.08:760][184]LogVolumetricLightmapImport: Imported Volumetric Lightmap in 0.022s
[2020.02.19-20.45.08:760][184]LogVolumetricLightmapImport:      Indirection Texture 16x16x16 = 0.0Mb
[2020.02.19-20.45.08:760][184]LogVolumetricLightmapImport:      BrickData 1260x5x5 = 1.1Mb
[2020.02.19-20.45.08:760][184]LogVolumetricLightmapImport:      Bricks at Level
[2020.02.19-20.45.08:760][184]LogVolumetricLightmapImport:          0: 0.4% covering 100.0% of volume
[2020.02.19-20.45.08:760][184]LogVolumetricLightmapImport:          1: 3.6% covering 14.1% of volume
[2020.02.19-20.45.08:760][184]LogVolumetricLightmapImport:          2: 96.0% covering 5.9% of volume
[2020.02.19-20.45.08:786][184]LogTexture: Display: Building textures: HQ_Lightmap1_1 (AutoDXT, 256X256)
[2020.02.19-20.45.08:786][184]LogTexture: Display: Building textures: HQ_Lightmap1_2 (AutoDXT, 64X64)
[2020.02.19-20.45.08:786][184]LogTexture: Display: Building textures: LQ_Lightmap_1_1 (DXT1, 256X256)
[2020.02.19-20.45.08:786][184]LogTexture: Display: Building textures: LQ_Lightmap_1_2 (DXT1, 64X64)
[2020.02.19-20.45.08:786][184]LogTexture: Display: Building textures: ShadowMapTexture2D_3 (G8, 32X32)
[2020.02.19-20.45.08:786][184]LogTexture: Display: Building textures: ShadowMapTexture2D_2 (G8, 128X128)
[2020.02.19-20.45.08:803][184]LogStaticLightingSystem: FirstRoomPaul_BuiltData storing lightmap data for 2 meshes in 2 LightmapResourceClusters (1.0 Meshes per cluster).
[2020.02.19-20.45.08:827][184]Lightmass on DTC5GT3FX2: 1.70 sec total, 103 ms importing, 14 ms setup, 1.01 sec photons, 535 ms processing, 0 ms extra exporting [2/2 mappings]. Threads: 7.03 sec total, 179 ms processing.
[2020.02.19-20.45.08:829][184]LogUObjectHash: Compacting FUObjectHashTables data took   1.78ms
[2020.02.19-20.45.08:836][184]LogStaticLightingSystem: Illumination: 6.46 sec (12 ms encoding lightmaps, 4 ms encoding shadowmaps)
[2020.02.19-20.45.08:836][184]LogStaticLightingSystem: Lightmap texture memory:  0.1 MB (0.1 MB streaming, 0.0 MB non-streaming), 4 textures
[2020.02.19-20.45.08:836][184]LogStaticLightingSystem: Shadowmap texture memory: 0.0 MB (0.0 MB streaming, 0.0 MB non-streaming), 2 textures
[2020.02.19-20.45.09:378][184]DumpUnbuiltLightIteractions
[2020.02.19-20.45.09:378][184]Lights with unbuilt interactions: 0
[2020.02.19-20.45.09:379][184]
[2020.02.19-20.45.09:379][184]Primitives with unbuilt interactions: 0
[2020.02.19-20.45.09:462][185]Cmd: MAP CHECK NOTIFYRESULTS
[2020.02.19-20.45.09:463][185]MapCheck: New page: FirstRoomPaul - Feb 19, 2020, 10:45:09 AM
[2020.02.19-20.45.09:463][185]MapCheck: Map check complete: 0 Error(s), 0 Warning(s), took 0.252ms to complete.
[2020.02.19-20.45.12:466][545]LogTemp: Repeating last play command: Selected Viewport
[2020.02.19-20.45.12:479][545]LogBlueprintUserMessages: Early PlayInEditor Detection: Level '/Game/Levels/FirstRoomPaul.FirstRoomPaul:PersistentLevel' has LevelScriptBlueprint '/Game/Levels/FirstRoomPaul.FirstRoomPaul:PersistentLevel.FirstRoomPaul' with GeneratedClass '/Game/Levels/FirstRoomPaul.FirstRoomPaul_C' with ClassGeneratedBy '/Game/Levels/FirstRoomPaul.FirstRoomPaul:PersistentLevel.FirstRoomPaul'
[2020.02.19-20.45.12:480][545]LogPlayLevel: PlayLevel: No blueprints needed recompiling
[2020.02.19-20.45.12:480][545]PIE: New page: PIE session: FirstRoomPaul (Feb 19, 2020, 10:45:12 AM)
[2020.02.19-20.45.12:492][545]LogPlayLevel: Creating play world package: /Game/Levels/UEDPIE_0_FirstRoomPaul
[2020.02.19-20.45.12:495][545]LogPlayLevel: PIE: StaticDuplicateObject took: (0.002691s)
[2020.02.19-20.45.12:495][545]LogAIModule: Creating AISystem for world FirstRoomPaul
[2020.02.19-20.45.12:495][545]LogPlayLevel: PIE: World Init took: (0.000531s)
[2020.02.19-20.45.12:495][545]LogPlayLevel: PIE: Created PIE world by copying editor world from /Game/Levels/FirstRoomPaul.FirstRoomPaul to /Game/Levels/UEDPIE_0_FirstRoomPaul.FirstRoomPaul (0.003437s)
[2020.02.19-20.45.12:518][545]LogUObjectHash: Compacting FUObjectHashTables data took   1.40ms
[2020.02.19-20.45.12:535][545]LogInit: XAudio2 using 'DELL U2419H (NVIDIA High Definition Audio)' : 2 channels at 48 kHz using 16 bits per sample (channel mask 0x3)
[2020.02.19-20.45.12:544][545]LogInit: FAudioDevice initialized.
[2020.02.19-20.45.12:585][545]LogLoad: Game class is 'GameModeTest_C'
[2020.02.19-20.45.12:592][545]LogWorld: Bringing World /Game/Levels/UEDPIE_0_FirstRoomPaul.FirstRoomPaul up for play (max tick rate 0) at 2020.02.19-15.45.12
[2020.02.19-20.45.12:593][545]LogWorld: Bringing up level for play took: 0.003392
[2020.02.19-20.45.12:626][545]LogContentBrowser: Native class hierarchy updated for 'MovieSceneCapture' in 0.0006 seconds. Added 20 classes and 0 folders.
[2020.02.19-20.45.12:629][545]Set new viewmode: Unlit
[2020.02.19-20.45.12:629][545]PIE: Play in editor start time for /Game/Levels/UEDPIE_0_FirstRoomPaul 0.003
[2020.02.19-20.45.12:629][545]LogBlueprintUserMessages: Late PlayInEditor Detection: Level '/Game/Levels/FirstRoomPaul.FirstRoomPaul:PersistentLevel' has LevelScriptBlueprint '/Game/Levels/FirstRoomPaul.FirstRoomPaul:PersistentLevel.FirstRoomPaul' with GeneratedClass '/Game/Levels/FirstRoomPaul.FirstRoomPaul_C' with ClassGeneratedBy '/Game/Levels/FirstRoomPaul.FirstRoomPaul:PersistentLevel.FirstRoomPaul'
[2020.02.19-20.45.15:259][858]LogBlueprintUserMessages: Early EndPlayMap Detection: Level '/Game/Levels/FirstRoomPaul.FirstRoomPaul:PersistentLevel' has LevelScriptBlueprint '/Game/Levels/FirstRoomPaul.FirstRoomPaul:PersistentLevel.FirstRoomPaul' with GeneratedClass '/Game/Levels/FirstRoomPaul.FirstRoomPaul_C' with ClassGeneratedBy '/Game/Levels/FirstRoomPaul.FirstRoomPaul:PersistentLevel.FirstRoomPaul'
[2020.02.19-20.45.15:259][858]LogSlate: Updating window title bar state: overlay mode, drag disabled, window buttons hidden, title bar hidden
[2020.02.19-20.45.15:296][858]LogPlayLevel: Display: Shutting down PIE online subsystems
[2020.02.19-20.45.15:296][858]LogBlueprintUserMessages: Late EndPlayMap Detection: Level '/Game/Levels/FirstRoomPaul.FirstRoomPaul:PersistentLevel' has LevelScriptBlueprint '/Game/Levels/FirstRoomPaul.FirstRoomPaul:PersistentLevel.FirstRoomPaul' with GeneratedClass '/Game/Levels/FirstRoomPaul.FirstRoomPaul_C' with ClassGeneratedBy '/Game/Levels/FirstRoomPaul.FirstRoomPaul:PersistentLevel.FirstRoomPaul'
[2020.02.19-20.45.15:330][858]LogSlate: Updating window title bar state: overlay mode, drag disabled, window buttons hidden, title bar hidden
[2020.02.19-20.45.15:333][858]LogUObjectHash: Compacting FUObjectHashTables data took   1.78ms
[2020.02.19-20.45.15:367][860]LogPlayLevel: Display: Destroying online subsystem :Context_1
[2020.02.19-20.45.17:032][ 59]LogSlate: FSceneViewport::OnFocusLost() reason 2
[2020.02.19-20.45.50:610][ 84]LogSlate: FSceneViewport::OnFocusLost() reason 2
[2020.02.19-20.45.50:634][ 84]LogUObjectHash: Compacting FUObjectHashTables data took   0.51ms
[2020.02.19-20.45.50:646][ 84]LogMaterial: Display: Missing cached shader map for material DebugViewMode MaterialTexCoordScale, compiling. 
[2020.02.19-20.45.50:652][ 84]LogMaterial: Display: Missing cached shader map for material DebugViewMode MaterialTexCoordScale, compiling. 
[2020.02.19-20.45.50:657][ 84]LogMaterial: Display: Missing cached shader map for material DebugViewMode MaterialTexCoordScale, compiling. 
[2020.02.19-20.45.50:663][ 84]LogMaterial: Display: Missing cached shader map for material DebugViewMode MaterialTexCoordScale, compiling. 
[2020.02.19-20.45.50:668][ 84]LogMaterial: Display: Missing cached shader map for material DebugViewMode MaterialTexCoordScale, compiling. 
[2020.02.19-20.45.52:901][ 84]TextureStreamingBuild: Display: Compiling optional shaders took 2.257 seconds.
[2020.02.19-20.45.52:919][ 84]LogLevel: Display: Export Material TexCoord Scales took 0.018 seconds.
[2020.02.19-20.45.52:933][ 84]TextureStreamingBuild: Display: Build Texture Streaming took 0.013 seconds.
[2020.02.19-20.45.52:955][ 84]LogUObjectHash: Compacting FUObjectHashTables data took   0.51ms
[2020.02.19-20.45.52:961][ 85]Cmd: MAP CHECK NOTIFYRESULTS
[2020.02.19-20.45.52:962][ 85]MapCheck: New page: FirstRoomPaul - Feb 19, 2020, 10:45:52 AM
[2020.02.19-20.45.52:962][ 85]MapCheck: Map check complete: 0 Error(s), 0 Warning(s), took 0.227ms to complete.
[2020.02.19-20.45.54:781][292]LogSlate: FSceneViewport::OnFocusLost() reason 0
[2020.02.19-20.45.54:914][308]LogTemp: Repeating last play command: Selected Viewport
[2020.02.19-20.45.54:926][308]LogBlueprintUserMessages: Early PlayInEditor Detection: Level '/Game/Levels/FirstRoomPaul.FirstRoomPaul:PersistentLevel' has LevelScriptBlueprint '/Game/Levels/FirstRoomPaul.FirstRoomPaul:PersistentLevel.FirstRoomPaul' with GeneratedClass '/Game/Levels/FirstRoomPaul.FirstRoomPaul_C' with ClassGeneratedBy '/Game/Levels/FirstRoomPaul.FirstRoomPaul:PersistentLevel.FirstRoomPaul'
[2020.02.19-20.45.54:926][308]LogPlayLevel: PlayLevel: No blueprints needed recompiling
[2020.02.19-20.45.54:926][308]PIE: New page: PIE session: FirstRoomPaul (Feb 19, 2020, 10:45:54 AM)
[2020.02.19-20.45.54:926][308]LogPlayLevel: Creating play world package: /Game/Levels/UEDPIE_0_FirstRoomPaul
[2020.02.19-20.45.54:928][308]LogPlayLevel: PIE: StaticDuplicateObject took: (0.002445s)
[2020.02.19-20.45.54:929][308]LogAIModule: Creating AISystem for world FirstRoomPaul
[2020.02.19-20.45.54:929][308]LogPlayLevel: PIE: World Init took: (0.000510s)
[2020.02.19-20.45.54:929][308]LogPlayLevel: PIE: Created PIE world by copying editor world from /Game/Levels/FirstRoomPaul.FirstRoomPaul to /Game/Levels/UEDPIE_0_FirstRoomPaul.FirstRoomPaul (0.003050s)
[2020.02.19-20.45.54:951][308]LogUObjectHash: Compacting FUObjectHashTables data took   1.21ms
[2020.02.19-20.45.54:969][308]LogInit: XAudio2 using 'DELL U2419H (NVIDIA High Definition Audio)' : 2 channels at 48 kHz using 16 bits per sample (channel mask 0x3)
[2020.02.19-20.45.54:976][308]LogInit: FAudioDevice initialized.
[2020.02.19-20.45.55:005][308]LogLoad: Game class is 'GameModeTest_C'
[2020.02.19-20.45.55:006][308]LogWorld: Bringing World /Game/Levels/UEDPIE_0_FirstRoomPaul.FirstRoomPaul up for play (max tick rate 0) at 2020.02.19-15.45.55
[2020.02.19-20.45.55:006][308]LogWorld: Bringing up level for play took: 0.000662
[2020.02.19-20.45.55:019][308]Set new viewmode: Unlit
[2020.02.19-20.45.55:019][308]PIE: Play in editor start time for /Game/Levels/UEDPIE_0_FirstRoomPaul 0.393
[2020.02.19-20.45.55:019][308]LogBlueprintUserMessages: Late PlayInEditor Detection: Level '/Game/Levels/FirstRoomPaul.FirstRoomPaul:PersistentLevel' has LevelScriptBlueprint '/Game/Levels/FirstRoomPaul.FirstRoomPaul:PersistentLevel.FirstRoomPaul' with GeneratedClass '/Game/Levels/FirstRoomPaul.FirstRoomPaul_C' with ClassGeneratedBy '/Game/Levels/FirstRoomPaul.FirstRoomPaul:PersistentLevel.FirstRoomPaul'
[2020.02.19-20.45.56:091][435]LogBlueprintUserMessages: Early EndPlayMap Detection: Level '/Game/Levels/FirstRoomPaul.FirstRoomPaul:PersistentLevel' has LevelScriptBlueprint '/Game/Levels/FirstRoomPaul.FirstRoomPaul:PersistentLevel.FirstRoomPaul' with GeneratedClass '/Game/Levels/FirstRoomPaul.FirstRoomPaul_C' with ClassGeneratedBy '/Game/Levels/FirstRoomPaul.FirstRoomPaul:PersistentLevel.FirstRoomPaul'
[2020.02.19-20.45.56:092][435]LogSlate: Updating window title bar state: overlay mode, drag disabled, window buttons hidden, title bar hidden
[2020.02.19-20.45.56:119][435]LogPlayLevel: Display: Shutting down PIE online subsystems
[2020.02.19-20.45.56:120][435]LogBlueprintUserMessages: Late EndPlayMap Detection: Level '/Game/Levels/FirstRoomPaul.FirstRoomPaul:PersistentLevel' has LevelScriptBlueprint '/Game/Levels/FirstRoomPaul.FirstRoomPaul:PersistentLevel.FirstRoomPaul' with GeneratedClass '/Game/Levels/FirstRoomPaul.FirstRoomPaul_C' with ClassGeneratedBy '/Game/Levels/FirstRoomPaul.FirstRoomPaul:PersistentLevel.FirstRoomPaul'
[2020.02.19-20.45.56:149][435]LogSlate: Updating window title bar state: overlay mode, drag disabled, window buttons hidden, title bar hidden
[2020.02.19-20.45.56:151][435]LogUObjectHash: Compacting FUObjectHashTables data took   1.26ms
[2020.02.19-20.45.56:193][440]LogPlayLevel: Display: Destroying online subsystem :Context_2
[2020.02.19-20.46.09:394][ 24]LogEditorViewport: Clicking on Actor (LMB): TriggerSwitchSequence_C (TriggerSwitchSequence2)
[2020.02.19-20.46.12:266][364]LogEditorViewport: Clicking on Actor (LMB): TriggerSwitchSequence_C (TriggerSwitchSequence3)
[2020.02.19-20.46.13:378][495]LogEditorViewport: Clicking on Actor (LMB): TriggerSwitchSequence_C (TriggerSwitchSequence)
[2020.02.19-20.46.15:841][787]LogEditorViewport: Clicking on Actor (LMB): TriggerSwitchSequence_C (TriggerSwitchSequence3)
[2020.02.19-20.46.18:739][131]LogEditorViewport: Clicking on Actor (LMB): TriggerSwitchSequence_C (TriggerSwitchSequence)
[2020.02.19-20.46.20:462][334]LogEditorViewport: Clicking on Actor (LMB): TriggerSwitchSequence_C (TriggerSwitchSequence2)
[2020.02.19-20.46.23:354][677]LogEditorViewport: Clicking on Actor (LMB): BP_Sky_Sphere_C (Sky Sphere)
[2020.02.19-20.46.26:493][ 51]LogSlate: FSceneViewport::OnFocusLost() reason 0
[2020.02.19-20.46.26:626][ 64]LogUObjectHash: Compacting FUObjectHashTables data took   1.25ms
[2020.02.19-20.46.27:865][ 64]LogSlate: Window 'Save Content' being destroyed
[2020.02.19-20.46.27:875][ 64]LogSlate: FSceneViewport::OnFocusLost() reason 2
[2020.02.19-20.46.27:910][ 64]LogUObjectHash: Compacting FUObjectHashTables data took   0.47ms
[2020.02.19-20.46.28:001][ 64]LogSavePackage: Moving '../../../../../../Users/pa597399/Documents/First-Dungeon-Assignment/DungeonLevel/Saved/FirstRoomPaulC7655EFC41376A73971867A0662F8093.tmp' to '../../../../../../Users/pa597399/Documents/First-Dungeon-Assignment/DungeonLevel/Content/Levels/FirstRoomPaul.umap'
[2020.02.19-20.46.28:027][ 64]LogFileHelpers: Saving map 'FirstRoomPaul' took 0.146
[2020.02.19-20.46.28:053][ 64]LogSavePackage: Moving '../../../../../../Users/pa597399/Documents/First-Dungeon-Assignment/DungeonLevel/Saved/FirstRoomPaul_BuiltData64A8D2E04A67CC12EBBEF08A6449BCE4.tmp' to '../../../../../../Users/pa597399/Documents/First-Dungeon-Assignment/DungeonLevel/Content/Levels/FirstRoomPaul_BuiltData.uasset'
[2020.02.19-20.46.28:076][ 64]LogSavePackage: Moving '../../../../../../Users/pa597399/Documents/First-Dungeon-Assignment/DungeonLevel/Saved/FirstRoomPaul_BuiltData226B73904A55A73C730E339A4E176FBA.tmp' to '../../../../../../Users/pa597399/Documents/First-Dungeon-Assignment/DungeonLevel/Content/Levels/FirstRoomPaul_BuiltData.uasset'
[2020.02.19-20.47.29:530][832]LogSlate: FSceneViewport::OnFocusLost() reason 0
[2020.02.19-20.54.09:735][909]LogSlate: FSceneViewport::OnFocusLost() reason 0
[2020.02.19-20.54.09:810][918]LogTemp: Repeating last play command: Selected Viewport
[2020.02.19-20.54.09:822][918]LogBlueprintUserMessages: Early PlayInEditor Detection: Level '/Game/Levels/FirstRoomPaul.FirstRoomPaul:PersistentLevel' has LevelScriptBlueprint '/Game/Levels/FirstRoomPaul.FirstRoomPaul:PersistentLevel.FirstRoomPaul' with GeneratedClass '/Game/Levels/FirstRoomPaul.FirstRoomPaul_C' with ClassGeneratedBy '/Game/Levels/FirstRoomPaul.FirstRoomPaul:PersistentLevel.FirstRoomPaul'
[2020.02.19-20.54.09:822][918]LogPlayLevel: PlayLevel: No blueprints needed recompiling
[2020.02.19-20.54.09:822][918]PIE: New page: PIE session: FirstRoomPaul (Feb 19, 2020, 10:54:09 AM)
[2020.02.19-20.54.09:822][918]LogPlayLevel: Creating play world package: /Game/Levels/UEDPIE_0_FirstRoomPaul
[2020.02.19-20.54.09:825][918]LogPlayLevel: PIE: StaticDuplicateObject took: (0.002734s)
[2020.02.19-20.54.09:825][918]LogAIModule: Creating AISystem for world FirstRoomPaul
[2020.02.19-20.54.09:825][918]LogPlayLevel: PIE: World Init took: (0.000624s)
[2020.02.19-20.54.09:825][918]LogPlayLevel: PIE: Created PIE world by copying editor world from /Game/Levels/FirstRoomPaul.FirstRoomPaul to /Game/Levels/UEDPIE_0_FirstRoomPaul.FirstRoomPaul (0.003472s)
[2020.02.19-20.54.09:849][918]LogUObjectHash: Compacting FUObjectHashTables data took   2.41ms
[2020.02.19-20.54.09:868][918]LogInit: XAudio2 using 'DELL U2419H (NVIDIA High Definition Audio)' : 2 channels at 48 kHz using 16 bits per sample (channel mask 0x3)
[2020.02.19-20.54.09:877][918]LogInit: FAudioDevice initialized.
[2020.02.19-20.54.09:905][918]LogLoad: Game class is 'GameModeTest_C'
[2020.02.19-20.54.09:906][918]LogWorld: Bringing World /Game/Levels/UEDPIE_0_FirstRoomPaul.FirstRoomPaul up for play (max tick rate 0) at 2020.02.19-15.54.09
[2020.02.19-20.54.09:906][918]LogWorld: Bringing up level for play took: 0.000778
[2020.02.19-20.54.09:919][918]Set new viewmode: Unlit
[2020.02.19-20.54.09:919][918]PIE: Play in editor start time for /Game/Levels/UEDPIE_0_FirstRoomPaul -0.72
[2020.02.19-20.54.09:919][918]LogBlueprintUserMessages: Late PlayInEditor Detection: Level '/Game/Levels/FirstRoomPaul.FirstRoomPaul:PersistentLevel' has LevelScriptBlueprint '/Game/Levels/FirstRoomPaul.FirstRoomPaul:PersistentLevel.FirstRoomPaul' with GeneratedClass '/Game/Levels/FirstRoomPaul.FirstRoomPaul_C' with ClassGeneratedBy '/Game/Levels/FirstRoomPaul.FirstRoomPaul:PersistentLevel.FirstRoomPaul'
[2020.02.19-20.54.13:002][286]LogBlueprintUserMessages: Early EndPlayMap Detection: Level '/Game/Levels/FirstRoomPaul.FirstRoomPaul:PersistentLevel' has LevelScriptBlueprint '/Game/Levels/FirstRoomPaul.FirstRoomPaul:PersistentLevel.FirstRoomPaul' with GeneratedClass '/Game/Levels/FirstRoomPaul.FirstRoomPaul_C' with ClassGeneratedBy '/Game/Levels/FirstRoomPaul.FirstRoomPaul:PersistentLevel.FirstRoomPaul'
[2020.02.19-20.54.13:002][286]LogSlate: Updating window title bar state: overlay mode, drag disabled, window buttons hidden, title bar hidden
[2020.02.19-20.54.13:027][286]LogPlayLevel: Display: Shutting down PIE online subsystems
[2020.02.19-20.54.13:027][286]LogBlueprintUserMessages: Late EndPlayMap Detection: Level '/Game/Levels/FirstRoomPaul.FirstRoomPaul:PersistentLevel' has LevelScriptBlueprint '/Game/Levels/FirstRoomPaul.FirstRoomPaul:PersistentLevel.FirstRoomPaul' with GeneratedClass '/Game/Levels/FirstRoomPaul.FirstRoomPaul_C' with ClassGeneratedBy '/Game/Levels/FirstRoomPaul.FirstRoomPaul:PersistentLevel.FirstRoomPaul'
[2020.02.19-20.54.13:057][286]LogSlate: Updating window title bar state: overlay mode, drag disabled, window buttons hidden, title bar hidden
[2020.02.19-20.54.13:059][286]LogUObjectHash: Compacting FUObjectHashTables data took   1.88ms
[2020.02.19-20.54.13:102][289]LogPlayLevel: Display: Destroying online subsystem :Context_3
[2020.02.19-20.54.20:946][230]LogSlate: FSceneViewport::OnFocusLost() reason 0
[2020.02.19-20.54.37:609][224]LogAssetEditorManager: Opening Asset editor for Blueprint /Game/Blueprints/Door_Proximity.Door_Proximity
[2020.02.19-20.54.37:784][224]LogContentBrowser: Native class hierarchy updated for 'BlueprintGraph' in 0.0004 seconds. Added 121 classes and 0 folders.
[2020.02.19-20.54.38:405][224]LogSlate: Took 0.000115 seconds to synchronously load lazily loaded font '../../../Engine/Content/Slate/Fonts/Roboto-BoldCondensed.ttf' (158K)
[2020.02.19-20.54.38:451][225]LogSlate: Took 0.000136 seconds to synchronously load lazily loaded font '../../../Engine/Content/Slate/Fonts/Roboto-Italic.ttf' (157K)
[2020.02.19-20.55.05:889][505]BlueprintLog: New page: Compile Door_Proximity
[2020.02.19-20.55.06:018][505]LogUObjectHash: Compacting FUObjectHashTables data took   3.90ms
[2020.02.19-20.55.28:727][219]LogSlate: Window 'Door_Proximity' being destroyed
[2020.02.19-20.55.28:732][219]LogSlate: Window 'Door_Proximity' being destroyed
[2020.02.19-20.55.30:481][422]LogSlate: FSceneViewport::OnFocusLost() reason 0
[2020.02.19-20.55.30:769][456]LogAssetEditorManager: Opening Asset editor for Blueprint /Game/Blueprints/TriggerSwitchSequence.TriggerSwitchSequence
[2020.02.19-20.57.16:630][898]LogSlate: Window 'Save Asset As' being destroyed
[2020.02.19-20.57.17:378][986]LogSlate: FSceneViewport::OnFocusLost() reason 2
[2020.02.19-20.57.18:047][ 60]LogSavePackage: Moving '../../../../../../Users/pa597399/Documents/First-Dungeon-Assignment/DungeonLevel/Saved/TriggerSwitchSequence6A068A354B0B67DE6D31999ABCE209CB.tmp' to '../../../../../../Users/pa597399/Documents/First-Dungeon-Assignment/DungeonLevel/Content/Blueprints/TriggerSwitchSequence.uasset'
[2020.02.19-20.57.52:397][175]LogSlate: FSceneViewport::OnFocusLost() reason 0
[2020.02.19-20.57.55:518][543]LogUObjectHash: Compacting FUObjectHashTables data took   4.15ms
[2020.02.19-20.57.55:644][543]LogSavePackage: Moving '../../../../../../Users/pa597399/Documents/First-Dungeon-Assignment/DungeonLevel/Saved/FirstRoomPaul_Auto174C249424B9D4DC9355E3E9844A653C4.tmp' to '../../../../../../Users/pa597399/Documents/First-Dungeon-Assignment/DungeonLevel/Saved/Autosaves/Game/Levels/FirstRoomPaul_Auto1.umap'
[2020.02.19-20.57.55:648][543]LogFileHelpers: Editor autosave (incl. sublevels) for '/Game/Levels/FirstRoomPaul' took 0.159
[2020.02.19-20.57.55:648][543]LogFileHelpers: Editor autosave (incl. sublevels) for all levels took 0.159
[2020.02.19-20.58.42:492][160]LogSlate: FSceneViewport::OnFocusLost() reason 0
[2020.02.19-21.02.24:838][790]LogInit: XAudio2 using 'DELL U2419H (NVIDIA High Definition Audio)' : 2 channels at 48 kHz using 16 bits per sample (channel mask 0x3)
[2020.02.19-21.02.25:183][791]LogInit: XAudio2 using 'DELL U2419H (NVIDIA High Definition Audio)' : 2 channels at 48 kHz using 16 bits per sample (channel mask 0x3)
[2020.02.19-21.02.25:799][793]LogInit: XAudio2 using 'Headphones (Paul’s Beats Studio³ Stereo)' : 2 channels at 44.1 kHz using 16 bits per sample (channel mask 0x3)
[2020.02.19-21.07.56:139][779]LogUObjectHash: Compacting FUObjectHashTables data took   3.16ms
[2020.02.19-21.07.56:139][779]LogFileHelpers: Editor autosave (incl. sublevels) for '/Game/Levels/FirstRoomPaul' took 0.037
[2020.02.19-21.07.56:140][779]OBJ SavePackage: Generating thumbnails for [0] asset(s) in package [/Game/Blueprints/TriggerSwitchSequence] ([1] browsable assets)...
[2020.02.19-21.07.56:140][779]OBJ SavePackage: Finished generating thumbnails for package [/Game/Blueprints/TriggerSwitchSequence]
[2020.02.19-21.07.56:170][779]LogSavePackage: Moving '../../../../../../Users/pa597399/Documents/First-Dungeon-Assignment/DungeonLevel/Saved/TriggerSwitchSequence_Auto20E2A58414E94567EDB04B6A302AB64F4.tmp' to '../../../../../../Users/pa597399/Documents/First-Dungeon-Assignment/DungeonLevel/Saved/Autosaves/Game/Blueprints/TriggerSwitchSequence_Auto2.uasset'
[2020.02.19-21.07.56:171][779]LogFileHelpers: Auto-saving content packages took 0.032
[2020.02.19-21.10.48:261][502]LogSlate: FSceneViewport::OnFocusLost() reason 0
[2020.02.19-21.18.02:300][904]LogSlate: FSceneViewport::OnFocusLost() reason 0
[2020.02.19-21.29.54:095][404]LogSlate: FSceneViewport::OnFocusLost() reason 0
[2020.02.19-21.32.13:359][ 42]LogSlate: FSceneViewport::OnFocusLost() reason 0
[2020.02.19-21.32.13:473][ 52]LogUObjectHash: Compacting FUObjectHashTables data took   2.71ms
[2020.02.19-21.32.15:373][ 52]LogSlate: Window 'Save Content' being destroyed
[2020.02.19-21.32.15:381][ 52]LogSlate: FSceneViewport::OnFocusLost() reason 2
[2020.02.19-21.32.15:424][ 52]LogSavePackage: Moving '../../../../../../Users/pa597399/Documents/First-Dungeon-Assignment/DungeonLevel/Saved/TriggerSwitchSequence1CC177514F920EE2A22E808E2C4857E3.tmp' to '../../../../../../Users/pa597399/Documents/First-Dungeon-Assignment/DungeonLevel/Content/Blueprints/TriggerSwitchSequence.uasset'
[2020.02.19-21.32.15:456][ 52]LogUObjectHash: Compacting FUObjectHashTables data took   0.58ms
[2020.02.19-21.32.15:586][ 52]LogSavePackage: Moving '../../../../../../Users/pa597399/Documents/First-Dungeon-Assignment/DungeonLevel/Saved/FirstRoomPaul6DDBDE1845A920652FE207AA51F8A2C6.tmp' to '../../../../../../Users/pa597399/Documents/First-Dungeon-Assignment/DungeonLevel/Content/Levels/FirstRoomPaul.umap'
[2020.02.19-21.32.15:611][ 52]LogFileHelpers: Saving map 'FirstRoomPaul' took 0.181
[2020.02.19-21.32.30:469][833]LogSlate: FSceneViewport::OnFocusLost() reason 0
