Log file open, 02/25/20 00:31:32
LogWindows: Failed to load 'aqProf.dll' (GetLastError=126)
LogWindows: File 'aqProf.dll' does not exist
LogWindows: Failed to load 'VtuneApi.dll' (GetLastError=126)
LogWindows: File 'VtuneApi.dll' does not exist
LogWindows: Failed to load 'VtuneApi32e.dll' (GetLastError=126)
LogWindows: File 'VtuneApi32e.dll' does not exist
LogConsoleResponse: Display: Failed to find resolution value strings in scalability ini. Falling back to default.
LogInit: Display: Running engine for game: DungeonProject
LogPakFile: Registered encryption key '00000000000000000000000000000000': 0 pak files mounted, 0 remain pending
LogPlatformFile: Not using cached read wrapper
LogTaskGraph: Started task graph with 5 named threads and 14 total threads with 3 sets of task threads.
LogStats: Stats thread started at 0.190467
LogD3D11RHI: Loaded GFSDK_Aftermath_Lib.x64.dll
LogICUInternationalization: ICU TimeZone Detection - Raw Offset: -5:00, Platform Override: ''
LogPluginManager: Mounting plugin Paper2D
LogPluginManager: Mounting plugin AISupport
LogPluginManager: Mounting plugin LightPropagationVolume
LogPluginManager: Mounting plugin ActorLayerUtilities
LogPluginManager: Mounting plugin AnimationSharing
LogPluginManager: Mounting plugin CLionSourceCodeAccess
LogPluginManager: Mounting plugin CodeLiteSourceCodeAccess
LogPluginManager: Mounting plugin GitSourceControl
LogPluginManager: Mounting plugin KDevelopSourceCodeAccess
LogPluginManager: Mounting plugin NullSourceCodeAccess
LogPluginManager: Mounting plugin PerforceSourceControl
LogPluginManager: Mounting plugin SubversionSourceControl
LogPluginManager: Mounting plugin UObjectPlugin
LogPluginManager: Mounting plugin VisualStudioCodeSourceCodeAccess
LogPluginManager: Mounting plugin VisualStudioSourceCodeAccess
LogPluginManager: Mounting plugin XCodeSourceCodeAccess
LogPluginManager: Mounting plugin AssetManagerEditor
LogPluginManager: Mounting plugin CryptoKeys
LogPluginManager: Mounting plugin DataValidation
LogPluginManager: Mounting plugin FacialAnimation
LogPluginManager: Mounting plugin GameplayTagsEditor
LogPluginManager: Mounting plugin MacGraphicsSwitching
LogPluginManager: Mounting plugin MaterialAnalyzer
LogPluginManager: Mounting plugin MobileLauncherProfileWizard
LogPluginManager: Mounting plugin PluginBrowser
LogPluginManager: Mounting plugin SpeedTreeImporter
LogPluginManager: Mounting plugin DatasmithContent
LogPluginManager: Mounting plugin VariantManagerContent
LogPluginManager: Mounting plugin AlembicImporter
LogPluginManager: Mounting plugin AppleImageUtils
LogPluginManager: Mounting plugin AppleVision
LogPluginManager: Mounting plugin BackChannel
LogPluginManager: Mounting plugin CharacterAI
LogPluginManager: Mounting plugin GeometryCache
LogPluginManager: Mounting plugin HTML5Networking
LogPluginManager: Mounting plugin ProxyLODPlugin
LogPluginManager: Mounting plugin SkeletalReduction
LogPluginManager: Mounting plugin MagicLeap
LogPluginManager: Mounting plugin MagicLeapMedia
LogPluginManager: Mounting plugin AndroidMedia
LogPluginManager: Mounting plugin AvfMedia
LogPluginManager: Mounting plugin ImgMedia
LogPluginManager: Mounting plugin LinearTimecode
LogPluginManager: Mounting plugin MediaCompositing
LogPluginManager: Mounting plugin MediaPlayerEditor
LogPluginManager: Mounting plugin WebMMedia
LogPluginManager: Mounting plugin WmfMedia
LogPluginManager: Mounting plugin TcpMessaging
LogPluginManager: Mounting plugin UdpMessaging
LogPluginManager: Mounting plugin ActorSequence
LogPluginManager: Mounting plugin LevelSequenceEditor
LogPluginManager: Mounting plugin MatineeToLevelSequence
LogPluginManager: Mounting plugin NetcodeUnitTest
LogPluginManager: Mounting plugin NUTUnrealEngine4
LogPluginManager: Mounting plugin OnlineSubsystemGooglePlay
LogPluginManager: Mounting plugin OnlineSubsystemIOS
LogPluginManager: Mounting plugin OnlineSubsystem
LogPluginManager: Mounting plugin OnlineSubsystemNull
LogPluginManager: Mounting plugin OnlineSubsystemUtils
LogPluginManager: Mounting plugin LauncherChunkInstaller
LogPluginManager: Mounting plugin AndroidDeviceProfileSelector
LogPluginManager: Mounting plugin AndroidMoviePlayer
LogPluginManager: Mounting plugin AndroidPermission
LogPluginManager: Mounting plugin AppleMoviePlayer
LogPluginManager: Mounting plugin ArchVisCharacter
LogPluginManager: Mounting plugin AudioCapture
LogPluginManager: Mounting plugin CableComponent
LogPluginManager: Mounting plugin CustomMeshComponent
LogPluginManager: Mounting plugin EditableMesh
LogPluginManager: Mounting plugin ExampleDeviceProfileSelector
LogPluginManager: Mounting plugin Firebase
LogPluginManager: Mounting plugin GoogleCloudMessaging
LogPluginManager: Mounting plugin IOSDeviceProfileSelector
LogPluginManager: Mounting plugin LinuxDeviceProfileSelector
LogPluginManager: Mounting plugin LocationServicesBPLibrary
LogPluginManager: Mounting plugin MobilePatchingUtils
LogPluginManager: Mounting plugin OculusVR
LogPluginManager: Mounting plugin PhysXVehicles
LogPluginManager: Mounting plugin ProceduralMeshComponent
LogPluginManager: Mounting plugin RuntimePhysXCooking
LogPluginManager: Mounting plugin SignificanceManager
LogPluginManager: Mounting plugin SteamVR
LogPluginManager: Mounting plugin WebMMoviePlayer
LogPluginManager: Mounting plugin WindowsMoviePlayer
LogInit: Using libcurl 7.55.1-DEV
LogInit:  - built for x86_64-pc-win32
LogInit:  - supports SSL with OpenSSL/1.1.1
LogInit:  - supports HTTP deflate (compression) using libz 1.2.8
LogInit:  - other features:
LogInit:      CURL_VERSION_SSL
LogInit:      CURL_VERSION_LIBZ
LogInit:      CURL_VERSION_IPV6
LogInit:      CURL_VERSION_ASYNCHDNS
LogInit:      CURL_VERSION_LARGEFILE
LogInit:      CURL_VERSION_IDN
LogInit:  CurlRequestOptions (configurable via config and command line):
LogInit:  - bVerifyPeer = true  - Libcurl will verify peer certificate
LogInit:  - bUseHttpProxy = false  - Libcurl will NOT use HTTP proxy
LogInit:  - bDontReuseConnections = false  - Libcurl will reuse connections
LogInit:  - MaxHostConnections = 16  - Libcurl will limit the number of connections to a host
LogInit:  - LocalHostAddr = Default
LogInit:  - BufferSize = 65536
LogInit: WinSock: version 1.1 (2.2), MaxSocks=32767, MaxUdp=65467
LogInit: Build: ++UE4+Release-4.22-CL-7053642
LogInit: Engine Version: 4.22.3-7053642+++UE4+Release-4.22
LogInit: Compatible Engine Version: 4.22.0-5660361+++UE4+Release-4.22
LogInit: Net CL: 5660361
LogInit: OS: Windows 10 (Release 1903) (), CPU:        Intel(R) Core(TM) i5-3570K CPU @ 3.40GHz, GPU: NVIDIA GeForce GTX 1080
LogInit: Compiled (64-bit): Jun 18 2019 03:09:11
LogInit: Compiled with Visual C++: 19.16.27025.01
LogInit: Build Configuration: Development
LogInit: Branch Name: ++UE4+Release-4.22
LogInit: Command Line: 
LogInit: Base Directory: C:/Program Files/Epic Games/UE_4.22/Engine/Binaries/Win64/
LogInit: Installed Engine Build: 1
LogDevObjectVersion: Number of dev versions registered: 23
LogDevObjectVersion:   Dev-Blueprints (B0D832E4-1F89-4F0D-ACCF-7EB736FD4AA2): 10
LogDevObjectVersion:   Dev-Build (E1C64328-A22C-4D53-A36C-8E866417BD8C): 0
LogDevObjectVersion:   Dev-Core (375EC13C-06E4-48FB-B500-84F0262A717E): 3
LogDevObjectVersion:   Dev-Editor (E4B068ED-F494-42E9-A231-DA0B2E46BB41): 30
LogDevObjectVersion:   Dev-Framework (CFFC743F-43B0-4480-9391-14DF171D2073): 35
LogDevObjectVersion:   Dev-Mobile (B02B49B5-BB20-44E9-A304-32B752E40360): 2
LogDevObjectVersion:   Dev-Networking (A4E4105C-59A1-49B5-A7C5-40C4547EDFEE): 0
LogDevObjectVersion:   Dev-Online (39C831C9-5AE6-47DC-9A44-9C173E1C8E7C): 0
LogDevObjectVersion:   Dev-Physics (78F01B33-EBEA-4F98-B9B4-84EACCB95AA2): 0
LogDevObjectVersion:   Dev-Platform (6631380F-2D4D-43E0-8009-CF276956A95A): 0
LogDevObjectVersion:   Dev-Rendering (12F88B9F-8875-4AFC-A67C-D90C383ABD29): 28
LogDevObjectVersion:   Dev-Sequencer (7B5AE74C-D270-4C10-A958-57980B212A5A): 11
LogDevObjectVersion:   Dev-VR (D7296918-1DD6-4BDD-9DE2-64A83CC13884): 2
LogDevObjectVersion:   Dev-LoadTimes (C2A15278-BFE7-4AFE-6C17-90FF531DF755): 1
LogDevObjectVersion:   Private-Geometry (6EACA3D4-40EC-4CC1-B786-8BED09428FC5): 3
LogDevObjectVersion:   Dev-AnimPhys (29E575DD-E0A3-4627-9D10-D276232CDCEA): 17
LogDevObjectVersion:   Dev-Anim (AF43A65D-7FD3-4947-9873-3E8ED9C1BB05): 2
LogDevObjectVersion:   Dev-ReflectionCapture (6B266CEC-1EC7-4B8F-A30B-E4D90942FC07): 1
LogDevObjectVersion:   Dev-Automation (0DF73D61-A23F-47EA-B727-89E90C41499A): 1
LogDevObjectVersion:   FortniteMain (601D1886-AC64-4F84-AA16-D3DE0DEAC7D6): 25
LogDevObjectVersion:   Dev-Enterprise (9DFFBCD6-494F-0158-E221-12823C92A888): 6
LogDevObjectVersion:   Dev-Niagara (F2AED0AC-9AFE-416F-8664-AA7FFA26D6FC): 1
LogDevObjectVersion:   Dev-Destruction (174F1F0B-B4C6-45A5-B13F-2EE8D0FB917D): 2
LogInit: Presizing for max 16777216 objects, including 0 objects not considered by GC, pre-allocating 0 bytes for permanent pool.
LogInit: Object subsystem initialized
LogConfig: Setting CVar [[con.DebugEarlyDefault:1]]
LogConfig: Setting CVar [[r.setres:1280x720]]
[2020.02.25-05.31.32:874][  0]LogConfig: Setting CVar [[r.VSync:0]]
[2020.02.25-05.31.32:874][  0]LogConfig: Setting CVar [[r.RHICmdBypass:0]]
[2020.02.25-05.31.32:874][  0]LogConfig: Applying CVar settings from Section [/Script/Engine.RendererSettings] File [C:/Users/Chris/Documents/GitHub/First-Dungeon-Assignment/DungeonLevel/Saved/Config/Windows/Engine.ini]
[2020.02.25-05.31.32:874][  0]LogConfig: Setting CVar [[r.GPUCrashDebugging:0]]
[2020.02.25-05.31.32:874][  0]LogConfig: Setting CVar [[r.DefaultFeature.AutoExposure.ExtendDefaultLuminanceRange:1]]
[2020.02.25-05.31.32:874][  0]LogConfig: Setting CVar [[r.AllowStaticLighting:1]]
[2020.02.25-05.31.32:874][  0]LogConfig: Applying CVar settings from Section [/Script/Engine.RendererOverrideSettings] File [C:/Users/Chris/Documents/GitHub/First-Dungeon-Assignment/DungeonLevel/Saved/Config/Windows/Engine.ini]
[2020.02.25-05.31.32:874][  0]LogConfig: Applying CVar settings from Section [/Script/Engine.StreamingSettings] File [C:/Users/Chris/Documents/GitHub/First-Dungeon-Assignment/DungeonLevel/Saved/Config/Windows/Engine.ini]
[2020.02.25-05.31.32:874][  0]LogConfig: Setting CVar [[s.MinBulkDataSizeForAsyncLoading:131072]]
[2020.02.25-05.31.32:874][  0]LogConfig: Setting CVar [[s.AsyncLoadingThreadEnabled:0]]
[2020.02.25-05.31.32:874][  0]LogConfig: Setting CVar [[s.EventDrivenLoaderEnabled:1]]
[2020.02.25-05.31.32:874][  0]LogConfig: Setting CVar [[s.WarnIfTimeLimitExceeded:0]]
[2020.02.25-05.31.32:874][  0]LogConfig: Setting CVar [[s.TimeLimitExceededMultiplier:1.5]]
[2020.02.25-05.31.32:874][  0]LogConfig: Setting CVar [[s.TimeLimitExceededMinTime:0.005]]
[2020.02.25-05.31.32:874][  0]LogConfig: Setting CVar [[s.UseBackgroundLevelStreaming:1]]
[2020.02.25-05.31.32:874][  0]LogConfig: Setting CVar [[s.PriorityAsyncLoadingExtraTime:15.0]]
[2020.02.25-05.31.32:874][  0]LogConfig: Setting CVar [[s.LevelStreamingActorsUpdateTimeLimit:5.0]]
[2020.02.25-05.31.32:874][  0]LogConfig: Setting CVar [[s.PriorityLevelStreamingActorsUpdateExtraTime:5.0]]
[2020.02.25-05.31.32:874][  0]LogConfig: Setting CVar [[s.LevelStreamingComponentsRegistrationGranularity:10]]
[2020.02.25-05.31.32:874][  0]LogConfig: Setting CVar [[s.UnregisterComponentsTimeLimit:1.0]]
[2020.02.25-05.31.32:874][  0]LogConfig: Setting CVar [[s.LevelStreamingComponentsUnregistrationGranularity:5]]
[2020.02.25-05.31.32:874][  0]LogConfig: Applying CVar settings from Section [/Script/Engine.GarbageCollectionSettings] File [C:/Users/Chris/Documents/GitHub/First-Dungeon-Assignment/DungeonLevel/Saved/Config/Windows/Engine.ini]
[2020.02.25-05.31.32:874][  0]LogConfig: Setting CVar [[gc.MaxObjectsNotConsideredByGC:1]]
[2020.02.25-05.31.32:874][  0]LogConfig: Setting CVar [[gc.SizeOfPermanentObjectPool:0]]
[2020.02.25-05.31.32:874][  0]LogConfig: Setting CVar [[gc.FlushStreamingOnGC:0]]
[2020.02.25-05.31.32:874][  0]LogConfig: Setting CVar [[gc.NumRetriesBeforeForcingGC:10]]
[2020.02.25-05.31.32:874][  0]LogConfig: Setting CVar [[gc.AllowParallelGC:1]]
[2020.02.25-05.31.32:874][  0]LogConfig: Setting CVar [[gc.TimeBetweenPurgingPendingKillObjects:61.1]]
[2020.02.25-05.31.32:874][  0]LogConfig: Setting CVar [[gc.MaxObjectsInEditor:16777216]]
[2020.02.25-05.31.32:874][  0]LogConfig: Setting CVar [[gc.IncrementalBeginDestroyEnabled:1]]
[2020.02.25-05.31.32:874][  0]LogConfig: Setting CVar [[gc.CreateGCClusters:1]]
[2020.02.25-05.31.32:874][  0]LogConfig: Setting CVar [[gc.MinGCClusterSize:5]]
[2020.02.25-05.31.32:874][  0]LogConfig: Setting CVar [[gc.ActorClusteringEnabled:0]]
[2020.02.25-05.31.32:874][  0]LogConfig: Setting CVar [[gc.BlueprintClusteringEnabled:0]]
[2020.02.25-05.31.32:874][  0]LogConfig: Setting CVar [[gc.UseDisregardForGCOnDedicatedServers:0]]
[2020.02.25-05.31.32:874][  0]LogConfig: Applying CVar settings from Section [/Script/Engine.NetworkSettings] File [C:/Users/Chris/Documents/GitHub/First-Dungeon-Assignment/DungeonLevel/Saved/Config/Windows/Engine.ini]
[2020.02.25-05.31.32:874][  0]LogConfig: Applying CVar settings from Section [/Script/UnrealEd.CookerSettings] File [C:/Users/Chris/Documents/GitHub/First-Dungeon-Assignment/DungeonLevel/Saved/Config/Windows/Engine.ini]
[2020.02.25-05.31.32:886][  0]LogConfig: Applying CVar settings from Section [ViewDistanceQuality@3] File [C:/Users/Chris/Documents/GitHub/First-Dungeon-Assignment/DungeonLevel/Saved/Config/Windows/Scalability.ini]
[2020.02.25-05.31.32:887][  0]LogConfig: Setting CVar [[r.SkeletalMeshLODBias:0]]
[2020.02.25-05.31.32:887][  0]LogConfig: Setting CVar [[r.ViewDistanceScale:1.0]]
[2020.02.25-05.31.32:887][  0]LogConfig: Applying CVar settings from Section [AntiAliasingQuality@3] File [C:/Users/Chris/Documents/GitHub/First-Dungeon-Assignment/DungeonLevel/Saved/Config/Windows/Scalability.ini]
[2020.02.25-05.31.32:887][  0]LogConfig: Setting CVar [[r.PostProcessAAQuality:4]]
[2020.02.25-05.31.32:887][  0]LogConfig: Applying CVar settings from Section [ShadowQuality@3] File [C:/Users/Chris/Documents/GitHub/First-Dungeon-Assignment/DungeonLevel/Saved/Config/Windows/Scalability.ini]
[2020.02.25-05.31.32:887][  0]LogConfig: Setting CVar [[r.LightFunctionQuality:1]]
[2020.02.25-05.31.32:887][  0]LogConfig: Setting CVar [[r.ShadowQuality:5]]
[2020.02.25-05.31.32:887][  0]LogConfig: Setting CVar [[r.Shadow.CSM.MaxCascades:10]]
[2020.02.25-05.31.32:887][  0]LogConfig: Setting CVar [[r.Shadow.MaxResolution:2048]]
[2020.02.25-05.31.32:887][  0]LogConfig: Setting CVar [[r.Shadow.MaxCSMResolution:2048]]
[2020.02.25-05.31.32:887][  0]LogConfig: Setting CVar [[r.Shadow.RadiusThreshold:0.01]]
[2020.02.25-05.31.32:887][  0]LogConfig: Setting CVar [[r.Shadow.DistanceScale:1.0]]
[2020.02.25-05.31.32:887][  0]LogConfig: Setting CVar [[r.Shadow.CSM.TransitionScale:1.0]]
[2020.02.25-05.31.32:887][  0]LogConfig: Setting CVar [[r.Shadow.PreShadowResolutionFactor:1.0]]
[2020.02.25-05.31.32:887][  0]LogConfig: Setting CVar [[r.DistanceFieldShadowing:1]]
[2020.02.25-05.31.32:887][  0]LogConfig: Setting CVar [[r.DistanceFieldAO:1]]
[2020.02.25-05.31.32:887][  0]LogConfig: Setting CVar [[r.AOQuality:2]]
[2020.02.25-05.31.32:887][  0]LogConfig: Setting CVar [[r.VolumetricFog:1]]
[2020.02.25-05.31.32:887][  0]LogConfig: Setting CVar [[r.VolumetricFog.GridPixelSize:8]]
[2020.02.25-05.31.32:887][  0]LogConfig: Setting CVar [[r.VolumetricFog.GridSizeZ:128]]
[2020.02.25-05.31.32:887][  0]LogConfig: Setting CVar [[r.VolumetricFog.HistoryMissSupersampleCount:4]]
[2020.02.25-05.31.32:887][  0]LogConfig: Setting CVar [[r.LightMaxDrawDistanceScale:1]]
[2020.02.25-05.31.32:887][  0]LogConfig: Setting CVar [[r.CapsuleShadows:1]]
[2020.02.25-05.31.32:887][  0]LogConfig: Applying CVar settings from Section [PostProcessQuality@3] File [C:/Users/Chris/Documents/GitHub/First-Dungeon-Assignment/DungeonLevel/Saved/Config/Windows/Scalability.ini]
[2020.02.25-05.31.32:887][  0]LogConfig: Setting CVar [[r.MotionBlurQuality:4]]
[2020.02.25-05.31.32:887][  0]LogConfig: Setting CVar [[r.AmbientOcclusionMipLevelFactor:0.4]]
[2020.02.25-05.31.32:887][  0]LogConfig: Setting CVar [[r.AmbientOcclusionMaxQuality:100]]
[2020.02.25-05.31.32:887][  0]LogConfig: Setting CVar [[r.AmbientOcclusionLevels:-1]]
[2020.02.25-05.31.32:887][  0]LogConfig: Setting CVar [[r.AmbientOcclusionRadiusScale:1.0]]
[2020.02.25-05.31.32:887][  0]LogConfig: Setting CVar [[r.DepthOfFieldQuality:2]]
[2020.02.25-05.31.32:887][  0]LogConfig: Setting CVar [[r.RenderTargetPoolMin:400]]
[2020.02.25-05.31.32:887][  0]LogConfig: Setting CVar [[r.LensFlareQuality:2]]
[2020.02.25-05.31.32:887][  0]LogConfig: Setting CVar [[r.SceneColorFringeQuality:1]]
[2020.02.25-05.31.32:887][  0]LogConfig: Setting CVar [[r.EyeAdaptationQuality:2]]
[2020.02.25-05.31.32:887][  0]LogConfig: Setting CVar [[r.BloomQuality:5]]
[2020.02.25-05.31.32:887][  0]LogConfig: Setting CVar [[r.FastBlurThreshold:100]]
[2020.02.25-05.31.32:887][  0]LogConfig: Setting CVar [[r.Upscale.Quality:3]]
[2020.02.25-05.31.32:887][  0]LogConfig: Setting CVar [[r.Tonemapper.GrainQuantization:1]]
[2020.02.25-05.31.32:887][  0]LogConfig: Setting CVar [[r.LightShaftQuality:1]]
[2020.02.25-05.31.32:887][  0]LogConfig: Setting CVar [[r.Filter.SizeScale:1]]
[2020.02.25-05.31.32:887][  0]LogConfig: Setting CVar [[r.Tonemapper.Quality:5]]
[2020.02.25-05.31.32:887][  0]LogConfig: Setting CVar [[r.DOF.Gather.AccumulatorQuality:1        ; higher gathering accumulator quality]]
[2020.02.25-05.31.32:887][  0]LogConfig: Setting CVar [[r.DOF.Gather.PostfilterMethod:1          ; Median3x3 postfilering method]]
[2020.02.25-05.31.32:887][  0]LogConfig: Setting CVar [[r.DOF.Gather.EnableBokehSettings:0       ; no bokeh simulation when gathering]]
[2020.02.25-05.31.32:887][  0]LogConfig: Setting CVar [[r.DOF.Gather.RingCount:4                 ; medium number of samples when gathering]]
[2020.02.25-05.31.32:888][  0]LogConfig: Setting CVar [[r.DOF.Scatter.ForegroundCompositing:1    ; additive foreground scattering]]
[2020.02.25-05.31.32:888][  0]LogConfig: Setting CVar [[r.DOF.Scatter.BackgroundCompositing:2    ; additive background scattering]]
[2020.02.25-05.31.32:888][  0]LogConfig: Setting CVar [[r.DOF.Scatter.EnableBokehSettings:1      ; bokeh simulation when scattering]]
[2020.02.25-05.31.32:888][  0]LogConfig: Setting CVar [[r.DOF.Scatter.MaxSpriteRatio:0.1         ; only a maximum of 10% of scattered bokeh]]
[2020.02.25-05.31.32:888][  0]LogConfig: Setting CVar [[r.DOF.Recombine.Quality:1                ; cheap slight out of focus]]
[2020.02.25-05.31.32:888][  0]LogConfig: Setting CVar [[r.DOF.Recombine.EnableBokehSettings:0    ; no bokeh simulation on slight out of focus]]
[2020.02.25-05.31.32:888][  0]LogConfig: Setting CVar [[r.DOF.TemporalAAQuality:1                ; more stable temporal accumulation]]
[2020.02.25-05.31.32:888][  0]LogConfig: Setting CVar [[r.DOF.Kernel.MaxForegroundRadius:0.025]]
[2020.02.25-05.31.32:888][  0]LogConfig: Setting CVar [[r.DOF.Kernel.MaxBackgroundRadius:0.025]]
[2020.02.25-05.31.32:888][  0]LogConfig: Applying CVar settings from Section [TextureQuality@3] File [C:/Users/Chris/Documents/GitHub/First-Dungeon-Assignment/DungeonLevel/Saved/Config/Windows/Scalability.ini]
[2020.02.25-05.31.32:888][  0]LogConfig: Setting CVar [[r.Streaming.MipBias:0]]
[2020.02.25-05.31.32:888][  0]LogConfig: Setting CVar [[r.Streaming.AmortizeCPUToGPUCopy:0]]
[2020.02.25-05.31.32:888][  0]LogConfig: Setting CVar [[r.Streaming.MaxNumTexturesToStreamPerFrame:0]]
[2020.02.25-05.31.32:888][  0]LogConfig: Setting CVar [[r.Streaming.Boost:1]]
[2020.02.25-05.31.32:888][  0]LogConfig: Setting CVar [[r.MaxAnisotropy:8]]
[2020.02.25-05.31.32:888][  0]LogConfig: Setting CVar [[r.Streaming.LimitPoolSizeToVRAM:0]]
[2020.02.25-05.31.32:888][  0]LogConfig: Setting CVar [[r.Streaming.PoolSize:1000]]
[2020.02.25-05.31.32:888][  0]LogConfig: Setting CVar [[r.Streaming.MaxEffectiveScreenSize:0]]
[2020.02.25-05.31.32:888][  0]LogConfig: Applying CVar settings from Section [EffectsQuality@3] File [C:/Users/Chris/Documents/GitHub/First-Dungeon-Assignment/DungeonLevel/Saved/Config/Windows/Scalability.ini]
[2020.02.25-05.31.32:888][  0]LogConfig: Setting CVar [[r.TranslucencyLightingVolumeDim:64]]
[2020.02.25-05.31.32:888][  0]LogConfig: Setting CVar [[r.RefractionQuality:2]]
[2020.02.25-05.31.32:888][  0]LogConfig: Setting CVar [[r.SSR.Quality:3]]
[2020.02.25-05.31.32:888][  0]LogConfig: Setting CVar [[r.SceneColorFormat:4]]
[2020.02.25-05.31.32:888][  0]LogConfig: Setting CVar [[r.DetailMode:2]]
[2020.02.25-05.31.32:888][  0]LogConfig: Setting CVar [[r.TranslucencyVolumeBlur:1]]
[2020.02.25-05.31.32:888][  0]LogConfig: Setting CVar [[r.MaterialQualityLevel:1 ; High quality]]
[2020.02.25-05.31.32:888][  0]LogConfig: Setting CVar [[r.SSS.Scale:1]]
[2020.02.25-05.31.32:888][  0]LogConfig: Setting CVar [[r.SSS.SampleSet:2]]
[2020.02.25-05.31.32:888][  0]LogConfig: Setting CVar [[r.SSS.Quality:1]]
[2020.02.25-05.31.32:888][  0]LogConfig: Setting CVar [[r.SSS.HalfRes:1]]
[2020.02.25-05.31.32:888][  0]LogConfig: Setting CVar [[r.EmitterSpawnRateScale:1.0]]
[2020.02.25-05.31.32:888][  0]LogConfig: Setting CVar [[r.ParticleLightQuality:2]]
[2020.02.25-05.31.32:888][  0]LogConfig: Applying CVar settings from Section [FoliageQuality@3] File [C:/Users/Chris/Documents/GitHub/First-Dungeon-Assignment/DungeonLevel/Saved/Config/Windows/Scalability.ini]
[2020.02.25-05.31.32:888][  0]LogConfig: Setting CVar [[foliage.DensityScale:1.0]]
[2020.02.25-05.31.32:888][  0]LogConfig: Setting CVar [[grass.DensityScale:1.0]]
[2020.02.25-05.31.32:888][  0]LogInit: Selected Device Profile: [Windows]
[2020.02.25-05.31.32:888][  0]LogInit: Applying CVar settings loaded from the selected device profile: [Windows]
[2020.02.25-05.31.32:912][  0]LogHAL: Display: Platform has ~ 16 GB [17059876864 / 17179869184 / 16], which maps to Larger [LargestMinGB=32, LargerMinGB=12, DefaultMinGB=8, SmallerMinGB=6, SmallestMinGB=0)
[2020.02.25-05.31.32:912][  0]LogConfig: Setting CVar [[r.Vulkan.UseRealUBs:0		; Required until we fix HLR fall-out]]
[2020.02.25-05.31.32:912][  0]LogInit: Going up to parent DeviceProfile []
[2020.02.25-05.31.32:912][  0]LogConfig: Applying CVar settings from Section [ViewDistanceQuality@3] File [C:/Users/Chris/Documents/GitHub/First-Dungeon-Assignment/DungeonLevel/Saved/Config/Windows/Scalability.ini]
[2020.02.25-05.31.32:912][  0]LogConfig: Setting CVar [[r.SkeletalMeshLODBias:0]]
[2020.02.25-05.31.32:912][  0]LogConfig: Setting CVar [[r.ViewDistanceScale:1.0]]
[2020.02.25-05.31.32:912][  0]LogConfig: Applying CVar settings from Section [AntiAliasingQuality@3] File [C:/Users/Chris/Documents/GitHub/First-Dungeon-Assignment/DungeonLevel/Saved/Config/Windows/Scalability.ini]
[2020.02.25-05.31.32:912][  0]LogConfig: Setting CVar [[r.PostProcessAAQuality:4]]
[2020.02.25-05.31.32:912][  0]LogConfig: Applying CVar settings from Section [ShadowQuality@3] File [C:/Users/Chris/Documents/GitHub/First-Dungeon-Assignment/DungeonLevel/Saved/Config/Windows/Scalability.ini]
[2020.02.25-05.31.32:912][  0]LogConfig: Setting CVar [[r.LightFunctionQuality:1]]
[2020.02.25-05.31.32:912][  0]LogConfig: Setting CVar [[r.ShadowQuality:5]]
[2020.02.25-05.31.32:912][  0]LogConfig: Setting CVar [[r.Shadow.CSM.MaxCascades:10]]
[2020.02.25-05.31.32:912][  0]LogConfig: Setting CVar [[r.Shadow.MaxResolution:2048]]
[2020.02.25-05.31.32:912][  0]LogConfig: Setting CVar [[r.Shadow.MaxCSMResolution:2048]]
[2020.02.25-05.31.32:912][  0]LogConfig: Setting CVar [[r.Shadow.RadiusThreshold:0.01]]
[2020.02.25-05.31.32:912][  0]LogConfig: Setting CVar [[r.Shadow.DistanceScale:1.0]]
[2020.02.25-05.31.32:912][  0]LogConfig: Setting CVar [[r.Shadow.CSM.TransitionScale:1.0]]
[2020.02.25-05.31.32:912][  0]LogConfig: Setting CVar [[r.Shadow.PreShadowResolutionFactor:1.0]]
[2020.02.25-05.31.32:912][  0]LogConfig: Setting CVar [[r.DistanceFieldShadowing:1]]
[2020.02.25-05.31.32:912][  0]LogConfig: Setting CVar [[r.DistanceFieldAO:1]]
[2020.02.25-05.31.32:912][  0]LogConfig: Setting CVar [[r.AOQuality:2]]
[2020.02.25-05.31.32:912][  0]LogConfig: Setting CVar [[r.VolumetricFog:1]]
[2020.02.25-05.31.32:912][  0]LogConfig: Setting CVar [[r.VolumetricFog.GridPixelSize:8]]
[2020.02.25-05.31.32:912][  0]LogConfig: Setting CVar [[r.VolumetricFog.GridSizeZ:128]]
[2020.02.25-05.31.32:912][  0]LogConfig: Setting CVar [[r.VolumetricFog.HistoryMissSupersampleCount:4]]
[2020.02.25-05.31.32:912][  0]LogConfig: Setting CVar [[r.LightMaxDrawDistanceScale:1]]
[2020.02.25-05.31.32:912][  0]LogConfig: Setting CVar [[r.CapsuleShadows:1]]
[2020.02.25-05.31.32:912][  0]LogConfig: Applying CVar settings from Section [PostProcessQuality@3] File [C:/Users/Chris/Documents/GitHub/First-Dungeon-Assignment/DungeonLevel/Saved/Config/Windows/Scalability.ini]
[2020.02.25-05.31.32:913][  0]LogConfig: Setting CVar [[r.MotionBlurQuality:4]]
[2020.02.25-05.31.32:913][  0]LogConfig: Setting CVar [[r.AmbientOcclusionMipLevelFactor:0.4]]
[2020.02.25-05.31.32:913][  0]LogConfig: Setting CVar [[r.AmbientOcclusionMaxQuality:100]]
[2020.02.25-05.31.32:913][  0]LogConfig: Setting CVar [[r.AmbientOcclusionLevels:-1]]
[2020.02.25-05.31.32:913][  0]LogConfig: Setting CVar [[r.AmbientOcclusionRadiusScale:1.0]]
[2020.02.25-05.31.32:913][  0]LogConfig: Setting CVar [[r.DepthOfFieldQuality:2]]
[2020.02.25-05.31.32:913][  0]LogConfig: Setting CVar [[r.RenderTargetPoolMin:400]]
[2020.02.25-05.31.32:913][  0]LogConfig: Setting CVar [[r.LensFlareQuality:2]]
[2020.02.25-05.31.32:913][  0]LogConfig: Setting CVar [[r.SceneColorFringeQuality:1]]
[2020.02.25-05.31.32:913][  0]LogConfig: Setting CVar [[r.EyeAdaptationQuality:2]]
[2020.02.25-05.31.32:913][  0]LogConfig: Setting CVar [[r.BloomQuality:5]]
[2020.02.25-05.31.32:913][  0]LogConfig: Setting CVar [[r.FastBlurThreshold:100]]
[2020.02.25-05.31.32:913][  0]LogConfig: Setting CVar [[r.Upscale.Quality:3]]
[2020.02.25-05.31.32:913][  0]LogConfig: Setting CVar [[r.Tonemapper.GrainQuantization:1]]
[2020.02.25-05.31.32:913][  0]LogConfig: Setting CVar [[r.LightShaftQuality:1]]
[2020.02.25-05.31.32:913][  0]LogConfig: Setting CVar [[r.Filter.SizeScale:1]]
[2020.02.25-05.31.32:913][  0]LogConfig: Setting CVar [[r.Tonemapper.Quality:5]]
[2020.02.25-05.31.32:913][  0]LogConfig: Setting CVar [[r.DOF.Gather.AccumulatorQuality:1        ; higher gathering accumulator quality]]
[2020.02.25-05.31.32:913][  0]LogConfig: Setting CVar [[r.DOF.Gather.PostfilterMethod:1          ; Median3x3 postfilering method]]
[2020.02.25-05.31.32:913][  0]LogConfig: Setting CVar [[r.DOF.Gather.EnableBokehSettings:0       ; no bokeh simulation when gathering]]
[2020.02.25-05.31.32:913][  0]LogConfig: Setting CVar [[r.DOF.Gather.RingCount:4                 ; medium number of samples when gathering]]
[2020.02.25-05.31.32:913][  0]LogConfig: Setting CVar [[r.DOF.Scatter.ForegroundCompositing:1    ; additive foreground scattering]]
[2020.02.25-05.31.32:913][  0]LogConfig: Setting CVar [[r.DOF.Scatter.BackgroundCompositing:2    ; additive background scattering]]
[2020.02.25-05.31.32:913][  0]LogConfig: Setting CVar [[r.DOF.Scatter.EnableBokehSettings:1      ; bokeh simulation when scattering]]
[2020.02.25-05.31.32:913][  0]LogConfig: Setting CVar [[r.DOF.Scatter.MaxSpriteRatio:0.1         ; only a maximum of 10% of scattered bokeh]]
[2020.02.25-05.31.32:913][  0]LogConfig: Setting CVar [[r.DOF.Recombine.Quality:1                ; cheap slight out of focus]]
[2020.02.25-05.31.32:913][  0]LogConfig: Setting CVar [[r.DOF.Recombine.EnableBokehSettings:0    ; no bokeh simulation on slight out of focus]]
[2020.02.25-05.31.32:913][  0]LogConfig: Setting CVar [[r.DOF.TemporalAAQuality:1                ; more stable temporal accumulation]]
[2020.02.25-05.31.32:913][  0]LogConfig: Setting CVar [[r.DOF.Kernel.MaxForegroundRadius:0.025]]
[2020.02.25-05.31.32:913][  0]LogConfig: Setting CVar [[r.DOF.Kernel.MaxBackgroundRadius:0.025]]
[2020.02.25-05.31.32:913][  0]LogConfig: Applying CVar settings from Section [TextureQuality@3] File [C:/Users/Chris/Documents/GitHub/First-Dungeon-Assignment/DungeonLevel/Saved/Config/Windows/Scalability.ini]
[2020.02.25-05.31.32:913][  0]LogConfig: Setting CVar [[r.Streaming.MipBias:0]]
[2020.02.25-05.31.32:913][  0]LogConfig: Setting CVar [[r.Streaming.AmortizeCPUToGPUCopy:0]]
[2020.02.25-05.31.32:913][  0]LogConfig: Setting CVar [[r.Streaming.MaxNumTexturesToStreamPerFrame:0]]
[2020.02.25-05.31.32:913][  0]LogConfig: Setting CVar [[r.Streaming.Boost:1]]
[2020.02.25-05.31.32:913][  0]LogConfig: Setting CVar [[r.MaxAnisotropy:8]]
[2020.02.25-05.31.32:913][  0]LogConfig: Setting CVar [[r.Streaming.LimitPoolSizeToVRAM:0]]
[2020.02.25-05.31.32:913][  0]LogConfig: Setting CVar [[r.Streaming.PoolSize:1000]]
[2020.02.25-05.31.32:913][  0]LogConfig: Setting CVar [[r.Streaming.MaxEffectiveScreenSize:0]]
[2020.02.25-05.31.32:913][  0]LogConfig: Applying CVar settings from Section [EffectsQuality@3] File [C:/Users/Chris/Documents/GitHub/First-Dungeon-Assignment/DungeonLevel/Saved/Config/Windows/Scalability.ini]
[2020.02.25-05.31.32:913][  0]LogConfig: Setting CVar [[r.TranslucencyLightingVolumeDim:64]]
[2020.02.25-05.31.32:913][  0]LogConfig: Setting CVar [[r.RefractionQuality:2]]
[2020.02.25-05.31.32:913][  0]LogConfig: Setting CVar [[r.SSR.Quality:3]]
[2020.02.25-05.31.32:913][  0]LogConfig: Setting CVar [[r.SceneColorFormat:4]]
[2020.02.25-05.31.32:913][  0]LogConfig: Setting CVar [[r.DetailMode:2]]
[2020.02.25-05.31.32:913][  0]LogConfig: Setting CVar [[r.TranslucencyVolumeBlur:1]]
[2020.02.25-05.31.32:913][  0]LogConfig: Setting CVar [[r.MaterialQualityLevel:1 ; High quality]]
[2020.02.25-05.31.32:913][  0]LogConfig: Setting CVar [[r.SSS.Scale:1]]
[2020.02.25-05.31.32:913][  0]LogConfig: Setting CVar [[r.SSS.SampleSet:2]]
[2020.02.25-05.31.32:914][  0]LogConfig: Setting CVar [[r.SSS.Quality:1]]
[2020.02.25-05.31.32:914][  0]LogConfig: Setting CVar [[r.SSS.HalfRes:1]]
[2020.02.25-05.31.32:914][  0]LogConfig: Setting CVar [[r.EmitterSpawnRateScale:1.0]]
[2020.02.25-05.31.32:914][  0]LogConfig: Setting CVar [[r.ParticleLightQuality:2]]
[2020.02.25-05.31.32:914][  0]LogConfig: Applying CVar settings from Section [FoliageQuality@3] File [C:/Users/Chris/Documents/GitHub/First-Dungeon-Assignment/DungeonLevel/Saved/Config/Windows/Scalability.ini]
[2020.02.25-05.31.32:914][  0]LogConfig: Setting CVar [[foliage.DensityScale:1.0]]
[2020.02.25-05.31.32:914][  0]LogConfig: Setting CVar [[grass.DensityScale:1.0]]
[2020.02.25-05.31.32:914][  0]LogConfig: Applying CVar settings from Section [Startup] File [../../../Engine/Config/ConsoleVariables.ini]
[2020.02.25-05.31.32:914][  0]LogConfig: Setting CVar [[net.UseAdaptiveNetUpdateFrequency:0]]
[2020.02.25-05.31.32:914][  0]LogConfig: Setting CVar [[p.chaos.AllowCreatePhysxBodies:1]]
[2020.02.25-05.31.32:914][  0]LogConfig: Applying CVar settings from Section [ConsoleVariables] File [C:/Users/Chris/Documents/GitHub/First-Dungeon-Assignment/DungeonLevel/Saved/Config/Windows/Engine.ini]
[2020.02.25-05.31.32:914][  0]LogInit: Computer: KURISU
[2020.02.25-05.31.32:914][  0]LogInit: User: Chris
[2020.02.25-05.31.32:915][  0]LogInit: CPU Page size=4096, Cores=4
[2020.02.25-05.31.32:915][  0]LogInit: High frequency timer resolution =10.000000 MHz
[2020.02.25-05.31.32:915][  0]LogMemory: Memory total: Physical=15.9GB (16GB approx)
[2020.02.25-05.31.32:915][  0]LogMemory: Platform Memory Stats for Windows
[2020.02.25-05.31.32:915][  0]LogMemory: Process Physical Memory: 96.40 MB used, 96.41 MB peak
[2020.02.25-05.31.32:915][  0]LogMemory: Process Virtual Memory: 83.77 MB used, 83.77 MB peak
[2020.02.25-05.31.32:915][  0]LogMemory: Physical Memory: 5490.80 MB used,  10778.77 MB free, 16269.57 MB total
[2020.02.25-05.31.32:915][  0]LogMemory: Virtual Memory: 4624.96 MB used,  134213104.00 MB free, 134217728.00 MB total
[2020.02.25-05.31.32:959][  0]LogInit: Using OS detected language (en-US).
[2020.02.25-05.31.32:959][  0]LogInit: Using OS detected locale (en-US).
[2020.02.25-05.31.32:961][  0]LogTextLocalizationManager: No specific localization for 'en-US' exists, so the 'en' localization will be used.
[2020.02.25-05.31.33:120][  0]LogInit: Setting process to per monitor DPI aware
[2020.02.25-05.31.33:170][  0]LogSlate: New Slate User Created.  User Index 0, Is Virtual User: 0
[2020.02.25-05.31.33:170][  0]LogSlate: Slate User Registered.  User Index 0, Is Virtual User: 0
[2020.02.25-05.31.33:507][  0]LogHMD: Failed to initialize OpenVR with code 110
[2020.02.25-05.31.33:507][  0]LogD3D11RHI: D3D11 adapters:
[2020.02.25-05.31.33:578][  0]LogD3D11RHI:    0. 'NVIDIA GeForce GTX 1080' (Feature Level 11_0)
[2020.02.25-05.31.33:578][  0]LogD3D11RHI:       8079/0/8134 MB DedicatedVideo/DedicatedSystem/SharedSystem, Outputs:2, VendorId:0x10de
[2020.02.25-05.31.33:581][  0]LogD3D11RHI:    1. 'Microsoft Basic Render Driver' (Feature Level 11_0)
[2020.02.25-05.31.33:581][  0]LogD3D11RHI:       0/0/8134 MB DedicatedVideo/DedicatedSystem/SharedSystem, Outputs:0, VendorId:0x1414
[2020.02.25-05.31.33:581][  0]LogD3D11RHI: Chosen D3D11 Adapter: 0
[2020.02.25-05.31.33:585][  0]LogD3D11RHI: Creating new Direct3DDevice
[2020.02.25-05.31.33:585][  0]LogD3D11RHI:     GPU DeviceId: 0x1b80 (for the marketing name, search the web for "GPU Device Id")
[2020.02.25-05.31.33:585][  0]LogWindows: EnumDisplayDevices:
[2020.02.25-05.31.33:586][  0]LogWindows:    0. 'NVIDIA GeForce GTX 1080' (P:1 D:1)
[2020.02.25-05.31.33:586][  0]LogWindows:    1. 'NVIDIA GeForce GTX 1080' (P:0 D:1)
[2020.02.25-05.31.33:586][  0]LogWindows:    2. 'NVIDIA GeForce GTX 1080' (P:0 D:0)
[2020.02.25-05.31.33:586][  0]LogWindows:    3. 'NVIDIA GeForce GTX 1080' (P:0 D:0)
[2020.02.25-05.31.33:587][  0]LogWindows: DebugString: FoundDriverCount:4 
[2020.02.25-05.31.33:587][  0]LogD3D11RHI:     Adapter Name: NVIDIA GeForce GTX 1080
[2020.02.25-05.31.33:587][  0]LogD3D11RHI:   Driver Version: 442.19 (internal:26.21.14.4219, unified:442.19)
[2020.02.25-05.31.33:587][  0]LogD3D11RHI:      Driver Date: 1-29-2020
[2020.02.25-05.31.33:587][  0]LogRHI: Texture pool is 5655 MB (70% of 8079 MB)
[2020.02.25-05.31.33:641][  0]LogD3D11RHI: Async texture creation enabled
[2020.02.25-05.31.33:645][  0]LogRendererCore: FGlobalReadBuffer::InitRHI
[2020.02.25-05.31.33:645][  0]LogRendererCore: FGlobalReadBuffer::InitRHI
[2020.02.25-05.31.33:645][  0]LogRendererCore: FGlobalReadBuffer::InitRHI
[2020.02.25-05.31.33:654][  0]LogD3D11RHI: GPU Timing Frequency: 1000.000000 (Debug: 2 1)
[2020.02.25-05.31.33:657][  0]LogD3D11RHI: HDR output is supported on display 1 (NvId: 0x80061082).
[2020.02.25-05.31.33:977][  0]LogTemp: Display: Module 'AllDesktopTargetPlatform' loaded TargetPlatform 'AllDesktop'
[2020.02.25-05.31.33:995][  0]LogTemp: Display: Module 'MacClientTargetPlatform' loaded TargetPlatform 'MacClient'
[2020.02.25-05.31.34:013][  0]LogTemp: Display: Module 'MacNoEditorTargetPlatform' loaded TargetPlatform 'MacNoEditor'
[2020.02.25-05.31.34:031][  0]LogTemp: Display: Module 'MacServerTargetPlatform' loaded TargetPlatform 'MacServer'
[2020.02.25-05.31.34:049][  0]LogTemp: Display: Module 'MacTargetPlatform' loaded TargetPlatform 'Mac'
[2020.02.25-05.31.34:067][  0]LogTemp: Display: Module 'WindowsClientTargetPlatform' loaded TargetPlatform 'WindowsClient'
[2020.02.25-05.31.34:085][  0]LogTemp: Display: Module 'WindowsNoEditorTargetPlatform' loaded TargetPlatform 'WindowsNoEditor'
[2020.02.25-05.31.34:102][  0]LogTemp: Display: Module 'WindowsServerTargetPlatform' loaded TargetPlatform 'WindowsServer'
[2020.02.25-05.31.34:111][  0]LogTemp: Display: Module 'WindowsTargetPlatform' loaded TargetPlatform 'Windows'
[2020.02.25-05.31.34:223][  0]LogTemp: Display: Module 'AndroidTargetPlatform' loaded TargetPlatform 'Android'
[2020.02.25-05.31.34:223][  0]LogTemp: Display: Module 'AndroidTargetPlatform' loaded TargetPlatform 'Android_ASTC'
[2020.02.25-05.31.34:223][  0]LogTemp: Display: Module 'AndroidTargetPlatform' loaded TargetPlatform 'Android_ATC'
[2020.02.25-05.31.34:223][  0]LogTemp: Display: Module 'AndroidTargetPlatform' loaded TargetPlatform 'Android_DXT'
[2020.02.25-05.31.34:223][  0]LogTemp: Display: Module 'AndroidTargetPlatform' loaded TargetPlatform 'Android_ETC1'
[2020.02.25-05.31.34:223][  0]LogTemp: Display: Module 'AndroidTargetPlatform' loaded TargetPlatform 'Android_ETC1a'
[2020.02.25-05.31.34:223][  0]LogTemp: Display: Module 'AndroidTargetPlatform' loaded TargetPlatform 'Android_ETC2'
[2020.02.25-05.31.34:223][  0]LogTemp: Display: Module 'AndroidTargetPlatform' loaded TargetPlatform 'Android_PVRTC'
[2020.02.25-05.31.34:223][  0]LogTemp: Display: Module 'AndroidTargetPlatform' loaded TargetPlatform 'AndroidClient'
[2020.02.25-05.31.34:224][  0]LogTemp: Display: Module 'AndroidTargetPlatform' loaded TargetPlatform 'Android_ASTCClient'
[2020.02.25-05.31.34:224][  0]LogTemp: Display: Module 'AndroidTargetPlatform' loaded TargetPlatform 'Android_ATCClient'
[2020.02.25-05.31.34:224][  0]LogTemp: Display: Module 'AndroidTargetPlatform' loaded TargetPlatform 'Android_DXTClient'
[2020.02.25-05.31.34:224][  0]LogTemp: Display: Module 'AndroidTargetPlatform' loaded TargetPlatform 'Android_ETC1Client'
[2020.02.25-05.31.34:224][  0]LogTemp: Display: Module 'AndroidTargetPlatform' loaded TargetPlatform 'Android_ETC1aClient'
[2020.02.25-05.31.34:224][  0]LogTemp: Display: Module 'AndroidTargetPlatform' loaded TargetPlatform 'Android_ETC2Client'
[2020.02.25-05.31.34:224][  0]LogTemp: Display: Module 'AndroidTargetPlatform' loaded TargetPlatform 'Android_PVRTCClient'
[2020.02.25-05.31.34:224][  0]LogTemp: Display: Module 'AndroidTargetPlatform' loaded TargetPlatform 'Android_Multi'
[2020.02.25-05.31.34:224][  0]LogTemp: Display: Module 'AndroidTargetPlatform' loaded TargetPlatform 'Android_MultiClient'
[2020.02.25-05.31.34:228][  0]LogTemp: Display: Module 'HTML5TargetPlatform' loaded TargetPlatform 'HTML5'
[2020.02.25-05.31.34:287][  0]LogTemp: Display: Module 'IOSTargetPlatform' loaded TargetPlatform 'IOSClient'
[2020.02.25-05.31.34:287][  0]LogTemp: Display: Module 'IOSTargetPlatform' loaded TargetPlatform 'IOS'
[2020.02.25-05.31.34:319][  0]LogTemp: Display: Module 'TVOSTargetPlatform' loaded TargetPlatform 'TVOSClient'
[2020.02.25-05.31.34:319][  0]LogTemp: Display: Module 'TVOSTargetPlatform' loaded TargetPlatform 'TVOS'
[2020.02.25-05.31.34:335][  0]LogTemp: Display: Module 'LinuxClientTargetPlatform' loaded TargetPlatform 'LinuxClient'
[2020.02.25-05.31.34:352][  0]LogTemp: Display: Module 'LinuxNoEditorTargetPlatform' loaded TargetPlatform 'LinuxNoEditor'
[2020.02.25-05.31.34:368][  0]LogTemp: Display: Module 'LinuxServerTargetPlatform' loaded TargetPlatform 'LinuxServer'
[2020.02.25-05.31.34:386][  0]LogTemp: Display: Module 'LinuxTargetPlatform' loaded TargetPlatform 'Linux'
[2020.02.25-05.31.34:447][  0]LogTemp: Display: Module 'LuminTargetPlatform' loaded TargetPlatform 'Lumin'
[2020.02.25-05.31.34:447][  0]LogTemp: Display: Module 'LuminTargetPlatform' loaded TargetPlatform 'LuminClient'
[2020.02.25-05.31.34:447][  0]LogTargetPlatformManager: Display: Building Assets For Windows
[2020.02.25-05.31.34:459][  0]LogAudioDebug: Display: Lib vorbis DLL was dynamically loaded.
[2020.02.25-05.31.34:547][  0]LogShaderCompilers: Guid format shader working directory is -39 characters bigger than the processId version (../../../../../../Users/Chris/Documents/GitHub/First-Dungeon-Assignment/DungeonLevel/Intermediate/Shaders/WorkingDirectory/10044/).
[2020.02.25-05.31.34:548][  0]LogShaderCompilers: Cleaned the shader compiler working directory 'C:/Users/Chris/AppData/Local/Temp/UnrealShaderWorkingDir/89C8F7684906BC8301D92D9D3AAA9BB0/'.
[2020.02.25-05.31.34:551][  0]LogXGEController: Cleaning working directory: C:/Users/Chris/AppData/Local/Temp/UnrealXGEWorkingDir/
[2020.02.25-05.31.34:551][  0]LogXGEController: Cannot use XGE Controller as Incredibuild is not installed on this machine.
[2020.02.25-05.31.34:551][  0]LogShaderCompilers: Cannot use XGE Shader Compiler as Incredibuild is not installed on this machine.
[2020.02.25-05.31.34:552][  0]LogShaderCompilers: Display: Using Local Shader Compiler.
[2020.02.25-05.31.35:132][  0]LogDerivedDataCache: Display: Max Cache Size: 512 MB
[2020.02.25-05.31.35:179][  0]LogDerivedDataCache: Loaded boot cache 0.05s 71MB C:/Users/Chris/AppData/Local/UnrealEngine/4.22/DerivedDataCache/Boot.ddc.
[2020.02.25-05.31.35:179][  0]LogDerivedDataCache: Display: Loaded Boot cache: C:/Users/Chris/AppData/Local/UnrealEngine/4.22/DerivedDataCache/Boot.ddc
[2020.02.25-05.31.35:179][  0]LogDerivedDataCache: FDerivedDataBackendGraph:  Pak pak cache file ../../../../../../Users/Chris/Documents/GitHub/First-Dungeon-Assignment/DungeonLevel/DerivedDataCache/DDC.ddp not found, will not use a pak cache.
[2020.02.25-05.31.35:179][  0]LogDerivedDataCache: Unable to find inner node Pak for hierarchical cache Hierarchy.
[2020.02.25-05.31.35:179][  0]LogDerivedDataCache: FDerivedDataBackendGraph:  CompressedPak pak cache file ../../../../../../Users/Chris/Documents/GitHub/First-Dungeon-Assignment/DungeonLevel/DerivedDataCache/Compressed.ddp not found, will not use a pak cache.
[2020.02.25-05.31.35:179][  0]LogDerivedDataCache: Unable to find inner node CompressedPak for hierarchical cache Hierarchy.
[2020.02.25-05.31.35:191][  0]LogDerivedDataCache: Display: Pak cache opened for reading ../../../Engine/DerivedDataCache/Compressed.ddp.
[2020.02.25-05.31.35:191][  0]LogDerivedDataCache: FDerivedDataBackendGraph:  EnterprisePak pak cache file ../../../Enterprise/DerivedDataCache/Compressed.ddp not found, will not use a pak cache.
[2020.02.25-05.31.35:191][  0]LogDerivedDataCache: Unable to find inner node EnterprisePak for hierarchical cache Hierarchy.
[2020.02.25-05.31.35:203][  0]LogDerivedDataCache: Using Local data cache path C:/Users/Chris/AppData/Local/UnrealEngine/Common/DerivedDataCache: Writable
[2020.02.25-05.31.35:203][  0]LogDerivedDataCache: Shared data cache path not found in *engine.ini, will not use an Shared cache.
[2020.02.25-05.31.35:203][  0]LogDerivedDataCache: Unable to find inner node Shared for hierarchical cache Hierarchy.
[2020.02.25-05.31.35:226][  0]LogMaterial: Verifying Global Shaders for PCD3D_SM5
[2020.02.25-05.31.35:227][  0]LogSlate: Using FreeType 2.6.0
[2020.02.25-05.31.35:228][  0]LogSlate: SlateFontServices - WITH_FREETYPE: 1, WITH_HARFBUZZ: 1
[2020.02.25-05.31.35:341][  0]LogAssetRegistry: FAssetRegistry took 0.0380 seconds to start up
[2020.02.25-05.31.35:840][  0]LogInit: Selected Device Profile: [Windows]
[2020.02.25-05.31.36:005][  0]LogMeshReduction: Using QuadricMeshReduction for automatic static mesh reduction
[2020.02.25-05.31.36:005][  0]LogMeshReduction: Using SimplygonMeshReduction for automatic skeletal mesh reduction
[2020.02.25-05.31.36:005][  0]LogMeshReduction: Using ProxyLODMeshReduction for automatic mesh merging
[2020.02.25-05.31.36:005][  0]LogMeshReduction: No distributed automatic mesh merging module available
[2020.02.25-05.31.36:005][  0]LogMeshMerging: No distributed automatic mesh merging module available
[2020.02.25-05.31.36:022][  0]LogNetVersion: DungeonProject 1.0.0, NetCL: 5660361, EngineNetVer: 10, GameNetVer: 0 (Checksum: 462601710)
[2020.02.25-05.31.36:519][  0]LogPackageLocalizationCache: Processed 10 localized package path(s) for 1 prioritized culture(s) in 0.052125 seconds
[2020.02.25-05.31.36:526][  0]LogUObjectArray: 42205 objects as part of root set at end of initial load.
[2020.02.25-05.31.36:526][  0]LogUObjectAllocator: 7325032 out of 0 bytes used by permanent object pool.
[2020.02.25-05.31.36:526][  0]LogUObjectArray: CloseDisregardForGC: 0/0 objects in disregard for GC pool
[2020.02.25-05.31.37:676][  0]LogTcpMessaging: Initializing TcpMessaging bridge
[2020.02.25-05.31.37:691][  0]LogUdpMessaging: Initializing bridge on interface 0.0.0.0:0 to multicast group 230.0.0.1:6666.
[2020.02.25-05.31.37:815][  0]SourceControl: Source control is disabled
[2020.02.25-05.31.37:815][  0]SourceControl: Source control is disabled
[2020.02.25-05.31.37:817][  0]SourceControl: Source control is disabled
[2020.02.25-05.31.37:819][  0]SourceControl: Source control is disabled
[2020.02.25-05.31.37:959][  0]LogAndroidPermission: UAndroidPermissionCallbackProxy::GetInstance
[2020.02.25-05.31.38:104][  0]LogOcInput: OculusInput pre-init called
[2020.02.25-05.31.39:019][  0]LogEngine: Initializing Engine...
[2020.02.25-05.31.39:020][  0]LogHMD: Failed to initialize OpenVR with code 110
[2020.02.25-05.31.39:022][  0]LogStats: UGameplayTagsManager::InitializeManager -  0.000 s
[2020.02.25-05.31.39:252][  0]LogInit: Initializing FReadOnlyCVARCache
[2020.02.25-05.31.39:269][  0]LogAIModule: Creating AISystem for world Untitled
[2020.02.25-05.31.39:308][  0]LogInit: XAudio2 using 'Speakers (HyperX Cloud Revolver S)' : 2 channels at 48 kHz using 16 bits per sample (channel mask 0x3)
[2020.02.25-05.31.39:326][  0]LogInit: FAudioDevice initialized.
[2020.02.25-05.31.39:327][  0]LogNetVersion: Set ProjectVersion to 1.0.0.0. Version Checksum will be recalculated on next use.
[2020.02.25-05.31.39:545][  0]LogDerivedDataCache: Saved boot cache 0.22s 71MB C:/Users/Chris/AppData/Local/UnrealEngine/4.22/DerivedDataCache/Boot.ddc.
[2020.02.25-05.31.39:551][  0]LogInit: Texture streaming: Enabled
[2020.02.25-05.31.39:573][  0]LogEngineSessionManager: EngineSessionManager initialized
[2020.02.25-05.31.39:597][  0]LogInit: Transaction tracking system initialized
[2020.02.25-05.31.39:629][  0]BlueprintLog: New page: Editor Load
[2020.02.25-05.31.39:737][  0]LocalizationService: Localization service is disabled
[2020.02.25-05.31.39:852][  0]LogLinker: Warning: Can't find file '/Game/SideScrollerBP/SideScrollerOverview'
[2020.02.25-05.31.39:852][  0]LogLinker: Warning: Can't find file '/Game/SideScrollerBP/SideScrollerOverview'
[2020.02.25-05.31.39:852][  0]LogUObjectGlobals: Warning: Failed to find object 'Class /Game/SideScrollerBP/SideScrollerOverview.SideScrollerOverview_C'
[2020.02.25-05.31.40:132][  0]LogFileCache: Scanning file cache for directory 'C:/Users/Chris/Documents/GitHub/First-Dungeon-Assignment/DungeonLevel/Content/' took 0.01s
[2020.02.25-05.31.40:132][  0]LogCook: Display: Max memory allowance for cook 16384mb min free memory 0mb
[2020.02.25-05.31.40:132][  0]LogCook: Display: Mobile HDR setting 1
[2020.02.25-05.31.40:374][  0]SourceControl: Source control is disabled
[2020.02.25-05.31.40:374][  0]Cmd: MAP LOAD FILE="../../../../../../Users/Chris/Documents/GitHub/First-Dungeon-Assignment/DungeonLevel/Content/Levels/FirstRoomPaul.umap" TEMPLATE=0 SHOWPROGRESS=1 FEATURELEVEL=3
[2020.02.25-05.31.40:375][  0]LightingResults: New page: Lighting Build
[2020.02.25-05.31.40:378][  0]MapCheck: New page: Map Check
[2020.02.25-05.31.40:379][  0]LightingResults: New page: Lighting Build
[2020.02.25-05.31.40:411][  0]LogUObjectHash: Compacting FUObjectHashTables data took   1.64ms
[2020.02.25-05.31.40:527][  0]LogBlueprint: Warning: [Compiler MyCharacter] Cast To MyCharacter  was pruned because its Exec pin is not connected, the connected value is not available and will instead be read as default
[2020.02.25-05.31.40:538][  0]LogBlueprint: Warning: [Compiler MyCharacter] [0010.76] Compile of MyCharacter successful, but with 1 Warning(s) [in 16 ms] (/Game/Blueprints/MyCharacter.MyCharacter)
[2020.02.25-05.31.40:677][  0]LogAIModule: Creating AISystem for world FirstRoomPaul
[2020.02.25-05.31.40:688][  0]LogEditorServer: Finished looking for orphan Actors (0.000 secs)
[2020.02.25-05.31.40:717][  0]LogUObjectHash: Compacting FUObjectHashTables data took   2.11ms
[2020.02.25-05.31.40:718][  0]Cmd: MAP CHECKDEP NOCLEARLOG
[2020.02.25-05.31.40:718][  0]MapCheck: Map check complete: 0 Error(s), 0 Warning(s), took 0.342ms to complete.
[2020.02.25-05.31.40:718][  0]LogFileHelpers: Loading map 'FirstRoomPaul' took 0.344
[2020.02.25-05.31.40:820][  0]LogSlate: Updating window title bar state: overlay mode, drag disabled, window buttons hidden, title bar hidden
[2020.02.25-05.31.40:829][  0]LogSlate: Updating window title bar state: overlay mode, drag disabled, window buttons hidden, title bar hidden
[2020.02.25-05.31.40:838][  0]LogSlate: Updating window title bar state: overlay mode, drag disabled, window buttons hidden, title bar hidden
[2020.02.25-05.31.40:847][  0]LogSlate: Updating window title bar state: overlay mode, drag disabled, window buttons hidden, title bar hidden
[2020.02.25-05.31.40:855][  0]LogCollectionManager: Loaded 0 collections in 0.002088 seconds
[2020.02.25-05.31.40:896][  0]LogFileCache: Scanning file cache for directory 'C:/Users/Chris/Documents/GitHub/First-Dungeon-Assignment/DungeonLevel/Saved/Collections/' took 0.01s
[2020.02.25-05.31.40:896][  0]LogFileCache: Scanning file cache for directory 'C:/Users/Chris/Documents/GitHub/First-Dungeon-Assignment/DungeonLevel/Content/Developers/Chris/Collections/' took 0.01s
[2020.02.25-05.31.40:896][  0]LogFileCache: Scanning file cache for directory 'C:/Users/Chris/Documents/GitHub/First-Dungeon-Assignment/DungeonLevel/Content/Collections/' took 0.01s
[2020.02.25-05.31.40:896][  0]LogCollectionManager: Rebuilt the GUID cache for 0 collections in 0.000001 seconds
[2020.02.25-05.31.40:904][  0]LogContentBrowser: Native class hierarchy populated in 0.0085 seconds. Added 2732 classes and 659 folders.
[2020.02.25-05.31.40:912][  0]LogContentBrowser: Native class hierarchy updated for 'WidgetCarousel' in 0.0004 seconds. Added 0 classes and 0 folders.
[2020.02.25-05.31.40:915][  0]LogPakFile: Registered encryption key '00000000000000000000000000000000': 0 pak files mounted, 0 remain pending
[2020.02.25-05.31.40:916][  0]LogPakFile: Registered encryption key '00000000000000000000000000000000': 0 pak files mounted, 0 remain pending
[2020.02.25-05.31.40:917][  0]LogPakFile: Registered encryption key '00000000000000000000000000000000': 0 pak files mounted, 0 remain pending
[2020.02.25-05.31.40:918][  0]LogPakFile: Registered encryption key '00000000000000000000000000000000': 0 pak files mounted, 0 remain pending
[2020.02.25-05.31.40:919][  0]LogPakFile: Registered encryption key '00000000000000000000000000000000': 0 pak files mounted, 0 remain pending
[2020.02.25-05.31.40:920][  0]LogPakFile: Registered encryption key '00000000000000000000000000000000': 0 pak files mounted, 0 remain pending
[2020.02.25-05.31.40:922][  0]LogPakFile: Registered encryption key '00000000000000000000000000000000': 0 pak files mounted, 0 remain pending
[2020.02.25-05.31.40:923][  0]LogPakFile: Registered encryption key '00000000000000000000000000000000': 0 pak files mounted, 0 remain pending
[2020.02.25-05.31.40:924][  0]LogPakFile: Registered encryption key '00000000000000000000000000000000': 0 pak files mounted, 0 remain pending
[2020.02.25-05.31.40:925][  0]LogPakFile: Registered encryption key '00000000000000000000000000000000': 0 pak files mounted, 0 remain pending
[2020.02.25-05.31.40:926][  0]LogPakFile: Registered encryption key '00000000000000000000000000000000': 0 pak files mounted, 0 remain pending
[2020.02.25-05.31.40:927][  0]LogPakFile: Registered encryption key '00000000000000000000000000000000': 0 pak files mounted, 0 remain pending
[2020.02.25-05.31.40:928][  0]LogPakFile: Registered encryption key '00000000000000000000000000000000': 0 pak files mounted, 0 remain pending
[2020.02.25-05.31.40:929][  0]LogPakFile: Registered encryption key '00000000000000000000000000000000': 0 pak files mounted, 0 remain pending
[2020.02.25-05.31.40:930][  0]LogPakFile: Registered encryption key '00000000000000000000000000000000': 0 pak files mounted, 0 remain pending
[2020.02.25-05.31.40:931][  0]LogPakFile: Registered encryption key '00000000000000000000000000000000': 0 pak files mounted, 0 remain pending
[2020.02.25-05.31.40:932][  0]LogPakFile: Registered encryption key '00000000000000000000000000000000': 0 pak files mounted, 0 remain pending
[2020.02.25-05.31.40:934][  0]LogPakFile: Registered encryption key '00000000000000000000000000000000': 0 pak files mounted, 0 remain pending
[2020.02.25-05.31.40:935][  0]LogPakFile: Registered encryption key '00000000000000000000000000000000': 0 pak files mounted, 0 remain pending
[2020.02.25-05.31.40:936][  0]LogPakFile: Registered encryption key '00000000000000000000000000000000': 0 pak files mounted, 0 remain pending
[2020.02.25-05.31.40:937][  0]LogPakFile: Registered encryption key '00000000000000000000000000000000': 0 pak files mounted, 0 remain pending
[2020.02.25-05.31.40:938][  0]LogPakFile: Registered encryption key '00000000000000000000000000000000': 0 pak files mounted, 0 remain pending
[2020.02.25-05.31.40:939][  0]LogPakFile: Registered encryption key '00000000000000000000000000000000': 0 pak files mounted, 0 remain pending
[2020.02.25-05.31.40:940][  0]LogPakFile: Registered encryption key '00000000000000000000000000000000': 0 pak files mounted, 0 remain pending
[2020.02.25-05.31.40:941][  0]LogPakFile: Registered encryption key '00000000000000000000000000000000': 0 pak files mounted, 0 remain pending
[2020.02.25-05.31.40:943][  0]LogPakFile: Registered encryption key '00000000000000000000000000000000': 0 pak files mounted, 0 remain pending
[2020.02.25-05.31.41:016][  0]LogContentBrowser: Native class hierarchy updated for 'AddContentDialog' in 0.0003 seconds. Added 0 classes and 0 folders.
[2020.02.25-05.31.41:022][  0]LogContentBrowser: Native class hierarchy updated for 'SceneOutliner' in 0.0004 seconds. Added 1 classes and 2 folders.
[2020.02.25-05.31.41:097][  0]LogSlate: Took 0.000330 seconds to synchronously load lazily loaded font '../../../Engine/Content/Slate/Fonts/Roboto-Regular.ttf' (155K)
[2020.02.25-05.31.41:099][  0]LogSlate: Took 0.000261 seconds to synchronously load lazily loaded font '../../../Engine/Content/Slate/Fonts/Roboto-Bold.ttf' (160K)
[2020.02.25-05.31.41:104][  0]LogSlate: Took 0.000312 seconds to synchronously load lazily loaded font '../../../Engine/Content/Editor/Slate/Fonts/FontAwesome.ttf' (139K)
[2020.02.25-05.31.41:176][  0]LogRenderer: Reallocating scene render targets to support 1140x672 Format 10 NumSamples 1 (Frame:1).
[2020.02.25-05.31.41:224][  0]LogSlate: Took 0.000304 seconds to synchronously load lazily loaded font '../../../Engine/Content/Slate/Fonts/Roboto-Light.ttf' (167K)
[2020.02.25-05.31.41:293][  0]LogContentBrowser: Native class hierarchy updated for 'HierarchicalLODOutliner' in 0.0004 seconds. Added 0 classes and 0 folders.
[2020.02.25-05.31.41:293][  0]LogLoad: (Engine Initialization) Total time: 11.51 seconds
[2020.02.25-05.31.41:293][  0]LogLoad: (Engine Initialization) Total Blueprint compile time: 0.00 seconds
[2020.02.25-05.31.41:355][  0]LogAssetRegistry: Asset discovery search completed in 6.0367 seconds
[2020.02.25-05.31.41:357][  0]LogCollectionManager: Rebuilt the object cache for 0 collections in 0.000000 seconds (found 0 objects)
[2020.02.25-05.31.41:357][  0]LogCollectionManager: Fixed up redirectors for 0 collections in 0.000045 seconds (updated 0 objects)
[2020.02.25-05.31.41:359][  0]LogContentStreaming: Texture pool size now 1000 MB
[2020.02.25-05.31.41:643][  1]LogFileCache: Retrieving MD5 hashes for directory 'C:/Users/Chris/Documents/GitHub/First-Dungeon-Assignment/DungeonLevel/Content/' took 0.32s
[2020.02.25-05.31.46:433][ 16]LogSlate: FSceneViewport::OnFocusLost() reason 0
[2020.02.25-05.31.50:881][524]LogSlate: Took 0.000327 seconds to synchronously load lazily loaded font '../../../Engine/Content/Slate/Fonts/Roboto-Light.ttf' (167K)
[2020.02.25-05.31.50:888][524]LogAssetEditorManager: Opening Asset editor for Blueprint /Game/Blueprints/MyCharacter.MyCharacter
[2020.02.25-05.31.51:187][524]LogContentBrowser: Native class hierarchy updated for 'BlueprintGraph' in 0.0006 seconds. Added 121 classes and 0 folders.
[2020.02.25-05.31.52:131][524]LogSlate: Took 0.000326 seconds to synchronously load lazily loaded font '../../../Engine/Content/Slate/Fonts/Roboto-BoldCondensed.ttf' (158K)
[2020.02.25-05.31.52:274][525]LogSlate: Took 0.000366 seconds to synchronously load lazily loaded font '../../../Engine/Content/Slate/Fonts/Roboto-Italic.ttf' (157K)
[2020.02.25-05.32.10:971][223]LogTemp: Repeating last play command: Selected Viewport
[2020.02.25-05.32.10:987][223]LogBlueprintUserMessages: Early PlayInEditor Detection: Level '/Game/Levels/FirstRoomPaul.FirstRoomPaul:PersistentLevel' has LevelScriptBlueprint '/Game/Levels/FirstRoomPaul.FirstRoomPaul:PersistentLevel.FirstRoomPaul' with GeneratedClass '/Game/Levels/FirstRoomPaul.FirstRoomPaul_C' with ClassGeneratedBy '/Game/Levels/FirstRoomPaul.FirstRoomPaul:PersistentLevel.FirstRoomPaul'
[2020.02.25-05.32.10:987][223]BlueprintLog: New page: Pre-Play auto-recompile
[2020.02.25-05.32.10:997][223]LogPlayLevel: [PlayLevel] Compiling MyCharacter before play...
[2020.02.25-05.32.11:000][223]LogBlueprint: Warning: [Compiler MyCharacter] Cast To MyCharacter  was pruned because its Exec pin is not connected, the connected value is not available and will instead be read as default
[2020.02.25-05.32.11:011][223]LogBlueprint: Warning: [Compiler MyCharacter] [0041.23] Compile of MyCharacter successful, but with 1 Warning(s) [in 23 ms] (/Game/Blueprints/MyCharacter.MyCharacter)
[2020.02.25-05.32.11:204][223]LogUObjectHash: Compacting FUObjectHashTables data took   3.59ms
[2020.02.25-05.32.11:204][223]LogPlayLevel: PlayLevel: Blueprint regeneration took 217 ms (1 blueprints)
[2020.02.25-05.32.11:205][223]PIE: New page: PIE session: FirstRoomPaul (Feb 24, 2020, 7:32:11 PM)
[2020.02.25-05.32.11:217][223]LogPlayLevel: Creating play world package: /Game/Levels/UEDPIE_0_FirstRoomPaul
[2020.02.25-05.32.11:226][223]LogPlayLevel: PIE: StaticDuplicateObject took: (0.007674s)
[2020.02.25-05.32.11:226][223]LogAIModule: Creating AISystem for world FirstRoomPaul
[2020.02.25-05.32.11:227][223]LogPlayLevel: PIE: World Init took: (0.000675s)
[2020.02.25-05.32.11:227][223]LogPlayLevel: PIE: Created PIE world by copying editor world from /Game/Levels/FirstRoomPaul.FirstRoomPaul to /Game/Levels/UEDPIE_0_FirstRoomPaul.FirstRoomPaul (0.009476s)
[2020.02.25-05.32.11:255][223]LogUObjectHash: Compacting FUObjectHashTables data took   1.71ms
[2020.02.25-05.32.11:290][223]LogInit: XAudio2 using 'Speakers (HyperX Cloud Revolver S)' : 2 channels at 48 kHz using 16 bits per sample (channel mask 0x3)
[2020.02.25-05.32.11:299][223]LogInit: FAudioDevice initialized.
[2020.02.25-05.32.11:341][223]LogLoad: Game class is 'GameModeTest_C'
[2020.02.25-05.32.11:343][223]LogWorld: Bringing World /Game/Levels/UEDPIE_0_FirstRoomPaul.FirstRoomPaul up for play (max tick rate 0) at 2020.02.25-00.32.11
[2020.02.25-05.32.11:344][223]LogWorld: Bringing up level for play took: 0.001818
[2020.02.25-05.32.11:362][223]LogBlueprintActionDatabase: Requesting refresh due to module change: Voice (loaded)
[2020.02.25-05.32.11:368][223]LogBlueprintActionDatabase: Requesting refresh due to module change: MovieSceneCapture (loaded)
[2020.02.25-05.32.11:368][223]LogContentBrowser: Native class hierarchy updated for 'MovieSceneCapture' in 0.0004 seconds. Added 20 classes and 0 folders.
[2020.02.25-05.32.11:370][223]Set new viewmode: Lit
[2020.02.25-05.32.11:370][223]Set new viewmode: Unlit
[2020.02.25-05.32.11:370][223]PIE: Play in editor start time for /Game/Levels/UEDPIE_0_FirstRoomPaul 0.814
[2020.02.25-05.32.11:370][223]LogBlueprintUserMessages: Late PlayInEditor Detection: Level '/Game/Levels/FirstRoomPaul.FirstRoomPaul:PersistentLevel' has LevelScriptBlueprint '/Game/Levels/FirstRoomPaul.FirstRoomPaul:PersistentLevel.FirstRoomPaul' with GeneratedClass '/Game/Levels/FirstRoomPaul.FirstRoomPaul_C' with ClassGeneratedBy '/Game/Levels/FirstRoomPaul.FirstRoomPaul:PersistentLevel.FirstRoomPaul'
[2020.02.25-05.32.13:962][476]LogSlate: Window 'MyCharacter' being destroyed
[2020.02.25-05.32.13:966][476]LogSlate: Window 'MyCharacter' being destroyed
[2020.02.25-05.32.14:545][538]Cmd: SELECT NONE
[2020.02.25-05.32.15:497][652]LogBlueprintUserMessages: Early EndPlayMap Detection: Level '/Game/Levels/FirstRoomPaul.FirstRoomPaul:PersistentLevel' has LevelScriptBlueprint '/Game/Levels/FirstRoomPaul.FirstRoomPaul:PersistentLevel.FirstRoomPaul' with GeneratedClass '/Game/Levels/FirstRoomPaul.FirstRoomPaul_C' with ClassGeneratedBy '/Game/Levels/FirstRoomPaul.FirstRoomPaul:PersistentLevel.FirstRoomPaul'
[2020.02.25-05.32.15:497][652]LogSlate: Updating window title bar state: overlay mode, drag disabled, window buttons hidden, title bar hidden
[2020.02.25-05.32.15:524][652]LogPlayLevel: Display: Shutting down PIE online subsystems
[2020.02.25-05.32.15:524][652]LogBlueprintUserMessages: Late EndPlayMap Detection: Level '/Game/Levels/FirstRoomPaul.FirstRoomPaul:PersistentLevel' has LevelScriptBlueprint '/Game/Levels/FirstRoomPaul.FirstRoomPaul:PersistentLevel.FirstRoomPaul' with GeneratedClass '/Game/Levels/FirstRoomPaul.FirstRoomPaul_C' with ClassGeneratedBy '/Game/Levels/FirstRoomPaul.FirstRoomPaul:PersistentLevel.FirstRoomPaul'
[2020.02.25-05.32.15:558][652]LogSlate: Updating window title bar state: overlay mode, drag disabled, window buttons hidden, title bar hidden
[2020.02.25-05.32.15:605][652]LogUObjectHash: Compacting FUObjectHashTables data took   5.20ms
[2020.02.25-05.32.15:623][653]LogPlayLevel: Display: Destroying online subsystem :Context_9
[2020.02.25-05.32.15:805][673]Cmd: SELECT NONE
[2020.02.25-05.32.23:439][805]LogSlate: FSceneViewport::OnFocusLost() reason 0
[2020.02.25-05.32.26:061][108]LogTemp: Repeating last play command: Selected Viewport
[2020.02.25-05.32.26:073][108]LogBlueprintUserMessages: Early PlayInEditor Detection: Level '/Game/Levels/FirstRoomPaul.FirstRoomPaul:PersistentLevel' has LevelScriptBlueprint '/Game/Levels/FirstRoomPaul.FirstRoomPaul:PersistentLevel.FirstRoomPaul' with GeneratedClass '/Game/Levels/FirstRoomPaul.FirstRoomPaul_C' with ClassGeneratedBy '/Game/Levels/FirstRoomPaul.FirstRoomPaul:PersistentLevel.FirstRoomPaul'
[2020.02.25-05.32.26:073][108]LogPlayLevel: PlayLevel: No blueprints needed recompiling
[2020.02.25-05.32.26:073][108]PIE: New page: PIE session: FirstRoomPaul (Feb 24, 2020, 7:32:26 PM)
[2020.02.25-05.32.26:073][108]LogPlayLevel: Creating play world package: /Game/Levels/UEDPIE_0_FirstRoomPaul
[2020.02.25-05.32.26:080][108]LogPlayLevel: PIE: StaticDuplicateObject took: (0.006748s)
[2020.02.25-05.32.26:080][108]LogAIModule: Creating AISystem for world FirstRoomPaul
[2020.02.25-05.32.26:081][108]LogPlayLevel: PIE: World Init took: (0.000534s)
[2020.02.25-05.32.26:081][108]LogPlayLevel: PIE: Created PIE world by copying editor world from /Game/Levels/FirstRoomPaul.FirstRoomPaul to /Game/Levels/UEDPIE_0_FirstRoomPaul.FirstRoomPaul (0.007515s)
[2020.02.25-05.32.26:132][108]LogUObjectHash: Compacting FUObjectHashTables data took   3.03ms
[2020.02.25-05.32.26:166][108]LogInit: XAudio2 using 'Speakers (HyperX Cloud Revolver S)' : 2 channels at 48 kHz using 16 bits per sample (channel mask 0x3)
[2020.02.25-05.32.26:177][108]LogInit: FAudioDevice initialized.
[2020.02.25-05.32.26:208][108]LogLoad: Game class is 'GameModeTest_C'
[2020.02.25-05.32.26:210][108]LogWorld: Bringing World /Game/Levels/UEDPIE_0_FirstRoomPaul.FirstRoomPaul up for play (max tick rate 0) at 2020.02.25-00.32.26
[2020.02.25-05.32.26:210][108]LogWorld: Bringing up level for play took: 0.001555
[2020.02.25-05.32.26:223][108]Set new viewmode: Lit
[2020.02.25-05.32.26:223][108]Set new viewmode: Unlit
[2020.02.25-05.32.26:223][108]PIE: Play in editor start time for /Game/Levels/UEDPIE_0_FirstRoomPaul -0.333
[2020.02.25-05.32.26:224][108]LogBlueprintUserMessages: Late PlayInEditor Detection: Level '/Game/Levels/FirstRoomPaul.FirstRoomPaul:PersistentLevel' has LevelScriptBlueprint '/Game/Levels/FirstRoomPaul.FirstRoomPaul:PersistentLevel.FirstRoomPaul' with GeneratedClass '/Game/Levels/FirstRoomPaul.FirstRoomPaul_C' with ClassGeneratedBy '/Game/Levels/FirstRoomPaul.FirstRoomPaul:PersistentLevel.FirstRoomPaul'
[2020.02.25-05.32.28:207][343]Set new viewmode: Lit
[2020.02.25-05.32.49:242][866]LogBlueprintUserMessages: Early EndPlayMap Detection: Level '/Game/Levels/FirstRoomPaul.FirstRoomPaul:PersistentLevel' has LevelScriptBlueprint '/Game/Levels/FirstRoomPaul.FirstRoomPaul:PersistentLevel.FirstRoomPaul' with GeneratedClass '/Game/Levels/FirstRoomPaul.FirstRoomPaul_C' with ClassGeneratedBy '/Game/Levels/FirstRoomPaul.FirstRoomPaul:PersistentLevel.FirstRoomPaul'
[2020.02.25-05.32.49:243][866]LogSlate: Updating window title bar state: overlay mode, drag disabled, window buttons hidden, title bar hidden
[2020.02.25-05.32.49:271][866]LogPlayLevel: Display: Shutting down PIE online subsystems
[2020.02.25-05.32.49:272][866]LogBlueprintUserMessages: Late EndPlayMap Detection: Level '/Game/Levels/FirstRoomPaul.FirstRoomPaul:PersistentLevel' has LevelScriptBlueprint '/Game/Levels/FirstRoomPaul.FirstRoomPaul:PersistentLevel.FirstRoomPaul' with GeneratedClass '/Game/Levels/FirstRoomPaul.FirstRoomPaul_C' with ClassGeneratedBy '/Game/Levels/FirstRoomPaul.FirstRoomPaul:PersistentLevel.FirstRoomPaul'
[2020.02.25-05.32.49:300][866]LogSlate: Updating window title bar state: overlay mode, drag disabled, window buttons hidden, title bar hidden
[2020.02.25-05.32.49:304][866]LogUObjectHash: Compacting FUObjectHashTables data took   1.99ms
[2020.02.25-05.32.49:349][871]LogPlayLevel: Display: Destroying online subsystem :Context_10
[2020.02.25-05.32.50:690][ 29]LogEditorViewport: Clicking on Actor (LMB): Door_Proximity_C (Door_Proximity)
[2020.02.25-05.32.51:228][ 89]Cmd: CAMERA ALIGN ACTIVEVIEWPORTONLY
[2020.02.25-05.32.54:299][444]LogEditorViewport: Clicking on Actor (LMB): Door_Proximity_C (Door_Proximity)
[2020.02.25-05.32.54:717][492]LogEditorViewport: Clicking on Actor (LMB): BP_Sky_Sphere_C (Sky Sphere)
[2020.02.25-05.32.55:417][572]LogEditorViewport: Clicking on Actor (LMB): BP_Sky_Sphere_C (Sky Sphere)
[2020.02.25-05.32.55:968][636]LogEditorViewport: Clicking on Actor (LMB): BP_Sky_Sphere_C (Sky Sphere)
[2020.02.25-05.32.56:335][678]LogEditorViewport: Clicking on Actor (LMB): BP_Sky_Sphere_C (Sky Sphere)
[2020.02.25-05.32.56:694][719]LogEditorViewport: Clicking on Actor (LMB): BP_Sky_Sphere_C (Sky Sphere)
[2020.02.25-05.32.57:219][780]LogEditorViewport: Clicking on Actor (LMB): StaticMeshActor (Floor)
[2020.02.25-05.32.57:566][816]LogEditorViewport: Clicking on Actor (LMB): StaticMeshActor (Floor)
